
357405 CONSOLE_UART2> mi  wifi conn 192.168.0.10 60002
364192 CONSOLE_UART2> 364306 MICROWAVE(24): DisplayClock MICROWAVE_EXT_STATE_REQ_SIG from WIFI_ST(14) seq=2
  381412 MICROWAVE(24): DisplayClock MICROWAVE_EXT_CLOCK_SIG from WIFI_ST(14) seq=3
381412 MICROWAVE(24): SetClock ENTRY
381412 MICROWAVE(24): ClockSelectHourTens ENTRY
385635 MICROWAVE(24): ClockSelectHourTens MICROWAVE_EXT_DIGIT_SIG from WIFI_ST(14) seq=4
385635 MICROWAVE(24): ClockSelectHourTens EXIT
385635 MICROWAVE(24): ClockSelectHourOnes ENTRY
386760 MICROWAVE(24): ClockSelectHourOnes MICROWAVE_EXT_DIGIT_SIG from WIFI_ST(14) seq=5
386760 MICROWAVE(24): ClockSelectHourOnes EXIT
386760 MICROWAVE(24): ClockSelectMinuteTens ENTRY
387420 MICROWAVE(24): ClockSelectMinuteTens MICROWAVE_EXT_DIGIT_SIG from WIFI_ST(14) seq=6
387420 MICROWAVE(24): ClockSelectMinuteTens EXIT
387420 MICROWAVE(24): ClockSelectMinuteOnes ENTRY
388085 MICROWAVE(24): ClockSelectMinuteOnes MICROWAVE_EXT_DIGIT_SIG from WIFI_ST(14) seq=7
388085 MICROWAVE(24): ClockSelectMinuteOnes EXIT
388085 MICROWAVE(24): ClockSelectHourTens ENTRY
389391 MICROWAVE(24): SetClock MICROWAVE_EXT_CLOCK_SIG from WIFI_ST(14) seq=8
389391 MICROWAVE(24): ClockSelectHourTens EXIT
389391 MICROWAVE(24): SetClock EXIT
409067 MICROWAVE(24): DisplayClock MICROWAVE_EXT_COOK_TIME_SIG from WIFI_ST(14) seq=9
409067 MICROWAVE(24): DisplayClock EXIT
409067 MICROWAVE(24): SetCookTimer ENTRY
409067 MICROWAVE(24): SetCookTimerInitial ENTRY
413219 MICROWAVE(24): SetCookTimerInitial MICROWAVE_EXT_DIGIT_SIG from WIFI_ST(14) seq=10
413219 MICROWAVE(24): SetCookTimerInitial EXIT
413219 MICROWAVE(24): SetCookTimerFinal ENTRY
413732 MICROWAVE(24): SetCookTimerFinal MICROWAVE_EXT_DIGIT_SIG from WIFI_ST(14) seq=11
414176 MICROWAVE(24): SetCookTimerFinal MICROWAVE_EXT_DIGIT_SIG from WIFI_ST(14) seq=12
415077 MICROWAVE(24): SetCookTimer MICROWAVE_EXT_POWER_LEVEL_SIG from WIFI_ST(14) seq=13
415077 MICROWAVE(24): SetCookTimerFinal EXIT
415077 MICROWAVE(24): SetCookTimer EXIT
415077 MICROWAVE(24): SetPowerLevel ENTRY
417252 MICROWAVE(24): SetPowerLevel MICROWAVE_EXT_DIGIT_SIG from WIFI_ST(14) seq=14
418779 MICROWAVE(24): SetPowerLevel MICROWAVE_EXT_COOK_TIME_SIG from WIFI_ST(14) seq=15
418779 MICROWAVE(24): SetPowerLevel EXIT
418779 MICROWAVE(24): SetCookTimer ENTRY
418779 MICROWAVE(24): SetCookTimerInitial ENTRY
420346 MICROWAVE(24): SetCookTimerInitial MICROWAVE_EXT_DIGIT_SIG from WIFI_ST(14) seq=16
420346 MICROWAVE(24): SetCookTimerInitial EXIT
420346 MICROWAVE(24): SetCookTimerFinal ENTRY
420722 MICROWAVE(24): SetCookTimerFinal MICROWAVE_EXT_DIGIT_SIG from WIFI_ST(14) seq=17
421372 MICROWAVE(24): SetCookTimerFinal MICROWAVE_EXT_DIGIT_SIG from WIFI_ST(14) seq=18
422272 MICROWAVE(24): SetCookTimer MICROWAVE_EXT_POWER_LEVEL_SIG from WIFI_ST(14) seq=19
422272 MICROWAVE(24): SetCookTimerFinal EXIT
422272 MICROWAVE(24): SetCookTimer EXIT
422272 MICROWAVE(24): SetPowerLevel ENTRY
423145 MICROWAVE(24): SetPowerLevel MICROWAVE_EXT_DIGIT_SIG from WIFI_ST(14) seq=20
431933 MICROWAVE(24): Started MICROWAVE_EXT_START_SIG from WIFI_ST(14) seq=21
431933 MICROWAVE(24): SetPowerLevel EXIT
431933 MICROWAVE(24): DisplayTimer ENTRY
431933 MICROWAVE(24): DisplayTimerRunning ENTRY
431933 TURNTABLE(28): Off TURNTABLE_ON_REQ from MICROWAVE(24) seq=124
431933 TURNTABLE(28): Off EXIT
431933 TURNTABLE(28): On ENTRY
431934 FAN(26): Off FAN_ON_REQ from MICROWAVE(24) seq=123
431934 FAN(26): Off EXIT
431934 FAN(26): On ENTRY
431934 MW_LAMP(27): Off MW_LAMP_ON_REQ from MICROWAVE(24) seq=122
431934 MW_LAMP(27): Off EXIT
431934 MW_LAMP(27): On ENTRY
431934 MAGNETRON(25): Started MAGNETRON_ON_REQ from MICROWAVE(24) seq=125
431934 MAGNETRON(25): [p=3],[on=9000],[off=21000]

431934 MAGNETRON(25): Off EXIT
431934 MAGNETRON(25): On ENTRY
431935 MAGNETRON(25): Running ENTRY
432933 MICROWAVE(24): DisplayTimerRunning SECOND_TIMER - 01:14 remaining
433933 MICROWAVE(24): DisplayTimerRunning SECOND_TIMER - 01:13 remaining
434933 MICROWAVE(24): DisplayTimerRunning SECOND_TIMER - 01:12 remaining
435933 MICROWAVE(24): DisplayTimerRunning SECOND_TIMER - 01:11 remaining
436933 MICROWAVE(24): DisplayTimerRunning SECOND_TIMER - 01:10 remaining
437933 MICROWAVE(24): DisplayTimerRunning SECOND_TIMER - 01:09 remaining
438933 MICROWAVE(24): DisplayTimerRunning SECOND_TIMER - 01:08 remaining
439933 MICROWAVE(24): DisplayTimerRunning SECOND_TIMER - 01:07 remaining
440933 MICROWAVE(24): DisplayTimerRunning SECOND_TIMER - 01:06 remaining
440934 MAGNETRON(25): Running MAGNETRON_TIMER
440934 MAGNETRON(25): Running EXIT
440934 MAGNETRON(25): NotRunning ENTRY
441933 MICROWAVE(24): DisplayTimerRunning SECOND_TIMER - 01:05 remaining
442933 MICROWAVE(24): DisplayTimerRunning SECOND_TIMER - 01:04 remaining
443933 MICROWAVE(24): DisplayTimerRunning SECOND_TIMER - 01:03 remaining
444933 MICROWAVE(24): DisplayTimerRunning SECOND_TIMER - 01:02 remaining
445933 MICROWAVE(24): DisplayTimerRunning SECOND_TIMER - 01:01 remaining
446933 MICROWAVE(24): DisplayTimerRunning SECOND_TIMER - 01:00 remaining
447933 MICROWAVE(24): DisplayTimerRunning SECOND_TIMER - 00:59 remaining
448933 MICROWAVE(24): DisplayTimerRunning SECOND_TIMER - 00:58 remaining
449391 MICROWAVE(24): HALF_SECOND_TIMER, IncrementClock()
449933 MICROWAVE(24): DisplayTimerRunning SECOND_TIMER - 00:57 remaining
450933 MICROWAVE(24): DisplayTimerRunning SECOND_TIMER - 00:56 remaining
451933 MICROWAVE(24): DisplayTimerRunning SECOND_TIMER - 00:55 remaining
452933 MICROWAVE(24): DisplayTimerRunning SECOND_TIMER - 00:54 remaining
453933 MICROWAVE(24): DisplayTimerRunning SECOND_TIMER - 00:53 remaining
454933 MICROWAVE(24): DisplayTimerRunning SECOND_TIMER - 00:52 remaining
455933 MICROWAVE(24): DisplayTimerRunning SECOND_TIMER - 00:51 remaining
456933 MICROWAVE(24): DisplayTimerRunning SECOND_TIMER - 00:50 remaining
457933 MICROWAVE(24): DisplayTimerRunning SECOND_TIMER - 00:49 remaining
458933 MICROWAVE(24): DisplayTimerRunning SECOND_TIMER - 00:48 remaining
459933 MICROWAVE(24): DisplayTimerRunning SECOND_TIMER - 00:47 remaining
460933 MICROWAVE(24): DisplayTimerRunning SECOND_TIMER - 00:46 remaining
461933 MICROWAVE(24): DisplayTimerRunning SECOND_TIMER - 00:45 remaining
461934 MAGNETRON(25): NotRunning MAGNETRON_TIMER
461934 MAGNETRON(25): NotRunning EXIT
461934 MAGNETRON(25): Running ENTRY
462933 MICROWAVE(24): DisplayTimerRunning SECOND_TIMER - 00:44 remaining
463933 MICROWAVE(24): DisplayTimerRunning SECOND_TIMER - 00:43 remaining
464933 MICROWAVE(24): DisplayTimerRunning SECOND_TIMER - 00:42 remaining
465933 MICROWAVE(24): DisplayTimerRunning SECOND_TIMER - 00:41 remaining
466933 MICROWAVE(24): DisplayTimerRunning SECOND_TIMER - 00:40 remaining
467933 MICROWAVE(24): DisplayTimerRunning SECOND_TIMER - 00:39 remaining
468933 MICROWAVE(24): DisplayTimerRunning SECOND_TIMER - 00:38 remaining
469933 MICROWAVE(24): DisplayTimerRunning SECOND_TIMER - 00:37 remaining
470933 MICROWAVE(24): DisplayTimerRunning SECOND_TIMER - 00:36 remaining
470934 MAGNETRON(25): Running MAGNETRON_TIMER
470934 MAGNETRON(25): Running EXIT
470934 MAGNETRON(25): NotRunning ENTRY
471933 MICROWAVE(24): DisplayTimerRunning SECOND_TIMER - 00:35 remaining
472933 MICROWAVE(24): DisplayTimerRunning SECOND_TIMER - 00:34 remaining
473933 MICROWAVE(24): DisplayTimerRunning SECOND_TIMER - 00:33 remaining
474933 MICROWAVE(24): DisplayTimerRunning SECOND_TIMER - 00:32 remaining
475933 MICROWAVE(24): DisplayTimerRunning SECOND_TIMER - 00:31 remaining
476933 MICROWAVE(24): DisplayTimerRunning SECOND_TIMER - 00:30 remaining
477933 MICROWAVE(24): DisplayTimerRunning SECOND_TIMER - 00:29 remaining
478933 MICROWAVE(24): DisplayTimerRunning SECOND_TIMER - 00:28 remaining
479933 MICROWAVE(24): DisplayTimerRunning SECOND_TIMER - 00:27 remaining
480764 MICROWAVE(24): DisplayTimer MICROWAVE_EXT_POWER_LEVEL_SIG from WIFI_ST(14) seq=22
480933 MICROWAVE(24): DisplayTimerRunning SECOND_TIMER - 00:26 remaining
481933 MICROWAVE(24): DisplayTimerRunning SECOND_TIMER - 00:25 remaining
482933 MICROWAVE(24): DisplayTimerRunning SECOND_TIMER - 00:24 remaining
483933 MICROWAVE(24): DisplayTimerRunning SECOND_TIMER - 00:23 remaining
484933 MICROWAVE(24): DisplayTimerRunning SECOND_TIMER - 00:22 remaining
485933 MICROWAVE(24): DisplayTimerRunning SECOND_TIMER - 00:21 remaining
486933 MICROWAVE(24): DisplayTimerRunning SECOND_TIMER - 00:20 remaining
487005 MICROWAVE(24): DisplayTimer MICROWAVE_EXT_POWER_LEVEL_SIG from WIFI_ST(14) seq=23
487933 MICROWAVE(24): DisplayTimerRunning SECOND_TIMER - 00:19 remaining
488933 MICROWAVE(24): DisplayTimerRunning SECOND_TIMER - 00:18 remaining
489933 MICROWAVE(24): DisplayTimerRunning SECOND_TIMER - 00:17 remaining
490933 MICROWAVE(24): DisplayTimerRunning SECOND_TIMER - 00:16 remaining
491933 MICROWAVE(24): DisplayTimerRunning SECOND_TIMER - 00:15 remaining
491934 MAGNETRON(25): NotRunning MAGNETRON_TIMER
491934 MAGNETRON(25): NotRunning EXIT
491934 MAGNETRON(25): Running ENTRY
492933 MICROWAVE(24): DisplayTimerRunning SECOND_TIMER - 00:14 remaining
493933 MICROWAVE(24): DisplayTimerRunning SECOND_TIMER - 00:13 remaining
494933 MICROWAVE(24): DisplayTimerRunning SECOND_TIMER - 00:12 remaining
495933 MICROWAVE(24): DisplayTimerRunning SECOND_TIMER - 00:11 remaining
496933 MICROWAVE(24): DisplayTimerRunning SECOND_TIMER - 00:10 remaining
497933 MICROWAVE(24): DisplayTimerRunning SECOND_TIMER - 00:09 remaining
498933 MICROWAVE(24): DisplayTimerRunning SECOND_TIMER - 00:08 remaining
499933 MICROWAVE(24): DisplayTimerRunning SECOND_TIMER - 00:07 remaining
500933 MICROWAVE(24): DisplayTimerRunning SECOND_TIMER - 00:06 remaining
500934 MAGNETRON(25): Running MAGNETRON_TIMER
500934 MAGNETRON(25): Running EXIT
500934 MAGNETRON(25): NotRunning ENTRY
501933 MICROWAVE(24): DisplayTimerRunning SECOND_TIMER - 00:05 remaining
502933 MICROWAVE(24): DisplayTimerRunning SECOND_TIMER - 00:04 remaining
503933 MICROWAVE(24): DisplayTimerRunning SECOND_TIMER - 00:03 remaining
504933 MICROWAVE(24): DisplayTimerRunning SECOND_TIMER - 00:02 remaining
505933 MICROWAVE(24): DisplayTimerRunning SECOND_TIMER - 00:01 remaining
506367 MICROWAVE(24): DisplayTimer MICROWAVE_EXT_POWER_LEVEL_SIG from WIFI_ST(14) seq=24
506933 MICROWAVE(24): DisplayTimerRunning SECOND_TIMER - 01:15 remaining
506933 MAGNETRON(25): Started MAGNETRON_OFF_REQ from MICROWAVE(24) seq=204
506933 MAGNETRON(25): NotRunning EXIT
506933 MAGNETRON(25): On EXIT
506933 MAGNETRON(25): Off ENTRY
506933 MAGNETRON(25): Started MAGNETRON_ON_REQ from MICROWAVE(24) seq=205
506933 MAGNETRON(25): [p=8],[on=24000],[off=6000]

506933 MAGNETRON(25): Off EXIT
506934 MAGNETRON(25): On ENTRY
506934 MAGNETRON(25): Running ENTRY
507933 MICROWAVE(24): DisplayTimerRunning SECOND_TIMER - 01:14 remaining
508933 MICROWAVE(24): DisplayTimerRunning SECOND_TIMER - 01:13 remaining
509391 MICROWAVE(24): HALF_SECOND_TIMER, IncrementClock()
509933 MICROWAVE(24): DisplayTimerRunning SECOND_TIMER - 01:12 remaining
510933 MICROWAVE(24): DisplayTimerRunning SECOND_TIMER - 01:11 remaining
511933 MICROWAVE(24): DisplayTimerRunning SECOND_TIMER - 01:10 remaining
512933 MICROWAVE(24): DisplayTimerRunning SECOND_TIMER - 01:09 remaining
513933 MICROWAVE(24): DisplayTimerRunning SECOND_TIMER - 01:08 remaining
514933 MICROWAVE(24): DisplayTimerRunning SECOND_TIMER - 01:07 remaining
515933 MICROWAVE(24): DisplayTimerRunning SECOND_TIMER - 01:06 remaining
516933 MICROWAVE(24): DisplayTimerRunning SECOND_TIMER - 01:05 remaining
517933 MICROWAVE(24): DisplayTimerRunning SECOND_TIMER - 01:04 remaining
518933 MICROWAVE(24): DisplayTimerRunning SECOND_TIMER - 01:03 remaining
519933 MICROWAVE(24): DisplayTimerRunning SECOND_TIMER - 01:02 remaining
520933 MICROWAVE(24): DisplayTimerRunning SECOND_TIMER - 01:01 remaining
521933 MICROWAVE(24): DisplayTimerRunning SECOND_TIMER - 01:00 remaining
522933 MICROWAVE(24): DisplayTimerRunning SECOND_TIMER - 00:59 remaining
523933 MICROWAVE(24): DisplayTimerRunning SECOND_TIMER - 00:58 remaining
524933 MICROWAVE(24): DisplayTimerRunning SECOND_TIMER - 00:57 remaining
525933 MICROWAVE(24): DisplayTimerRunning SECOND_TIMER - 00:56 remaining
526933 MICROWAVE(24): DisplayTimerRunning SECOND_TIMER - 00:55 remaining
527933 MICROWAVE(24): DisplayTimerRunning SECOND_TIMER - 00:54 remaining
528933 MICROWAVE(24): DisplayTimerRunning SECOND_TIMER - 00:53 remaining
529933 MICROWAVE(24): DisplayTimerRunning SECOND_TIMER - 00:52 remaining
530933 MICROWAVE(24): DisplayTimerRunning SECOND_TIMER - 00:51 remaining
530933 MAGNETRON(25): Running MAGNETRON_TIMER
530933 MAGNETRON(25): Running EXIT
530933 MAGNETRON(25): NotRunning ENTRY
531933 MICROWAVE(24): DisplayTimerRunning SECOND_TIMER - 00:50 remaining
532933 MICROWAVE(24): DisplayTimerRunning SECOND_TIMER - 00:49 remaining
533933 MICROWAVE(24): DisplayTimerRunning SECOND_TIMER - 00:48 remaining
534933 MICROWAVE(24): DisplayTimerRunning SECOND_TIMER - 00:47 remaining
535933 MICROWAVE(24): DisplayTimerRunning SECOND_TIMER - 00:46 remaining
536933 MICROWAVE(24): DisplayTimerRunning SECOND_TIMER - 00:45 remaining
536933 MAGNETRON(25): NotRunning MAGNETRON_TIMER
536933 MAGNETRON(25): NotRunning EXIT
536933 MAGNETRON(25): Running ENTRY
537933 MICROWAVE(24): DisplayTimerRunning SECOND_TIMER - 00:44 remaining
538933 MICROWAVE(24): DisplayTimerRunning SECOND_TIMER - 00:43 remaining
539933 MICROWAVE(24): DisplayTimerRunning SECOND_TIMER - 00:42 remaining
540933 MICROWAVE(24): DisplayTimerRunning SECOND_TIMER - 00:41 remaining
541933 MICROWAVE(24): DisplayTimerRunning SECOND_TIMER - 00:40 remaining
542933 MICROWAVE(24): DisplayTimerRunning SECOND_TIMER - 00:39 remaining
543933 MICROWAVE(24): DisplayTimerRunning SECOND_TIMER - 00:38 remaining
544933 MICROWAVE(24): DisplayTimerRunning SECOND_TIMER - 00:37 remaining
545933 MICROWAVE(24): DisplayTimerRunning SECOND_TIMER - 00:36 remaining
546933 MICROWAVE(24): DisplayTimerRunning SECOND_TIMER - 00:35 remaining
547933 MICROWAVE(24): DisplayTimerRunning SECOND_TIMER - 00:34 remaining
548933 MICROWAVE(24): DisplayTimerRunning SECOND_TIMER - 00:33 remaining
549933 MICROWAVE(24): DisplayTimerRunning SECOND_TIMER - 00:32 remaining
550264 SYSTEM(1): Started GPIO_IN_HOLD_IND from USER_BTN(16) seq=3
550264 SYSTEM(1): Microwave door opened
550264 MICROWAVE(24): DisplayTimerRunning MICROWAVE_EXT_DOOR_OPEN_SIG from SYSTEM(1) seq=0
550264 MICROWAVE(24): DisplayTimerRunning EXIT
550264 MICROWAVE(24): DisplayTimerPaused ENTRY
550264 TURNTABLE(28): On TURNTABLE_OFF_REQ from MICROWAVE(24) seq=253
550264 TURNTABLE(28): On EXIT
550264 TURNTABLE(28): Off ENTRY
550264 FAN(26): On FAN_OFF_REQ from MICROWAVE(24) seq=252
550265 FAN(26): On EXIT
550265 FAN(26): Off ENTRY
550265 MW_LAMP(27): Root MW_LAMP_ON_REQ from MICROWAVE(24) seq=0
550265 MW_LAMP(27): On EXIT
550265 MW_LAMP(27): On ENTRY
550265 MAGNETRON(25): On MAGNETRON_PAUSE_REQ from MICROWAVE(24) seq=254
550265 MAGNETRON(25): Running EXIT
550265 MAGNETRON(25): On EXIT
550265 MAGNETRON(25): Paused ENTRY
551264 SYSTEM(1): Started GPIO_IN_HOLD_IND from USER_BTN(16) seq=4
551264 SYSTEM(1): Microwave door opened
551264 MICROWAVE(24): Started MICROWAVE_EXT_DOOR_OPEN_SIG from SYSTEM(1) seq=0
551264 MW_LAMP(27): Root MW_LAMP_ON_REQ from MICROWAVE(24) seq=255
551264 MW_LAMP(27): On EXIT
551264 MW_LAMP(27): On ENTRY
563165 MICROWAVE(24): DisplayTimerPaused MICROWAVE_EXT_START_SIG from WIFI_ST(14) seq=25
564154 MICROWAVE(24): DisplayTimerPaused MICROWAVE_EXT_START_SIG from WIFI_ST(14) seq=26
564664 MICROWAVE(24): DisplayTimerPaused MICROWAVE_EXT_START_SIG from WIFI_ST(14) seq=27
565290 MICROWAVE(24): DisplayTimerPaused MICROWAVE_EXT_START_SIG from WIFI_ST(14) seq=28
569391 MICROWAVE(24): HALF_SECOND_TIMER, IncrementClock()
569562 SYSTEM(1): Started GPIO_IN_PULSE_IND from USER_BTN(16) seq=10
569562 SYSTEM(1): Microwave door closed
569562 MICROWAVE(24): Started MICROWAVE_EXT_DOOR_CLOSED_SIG from SYSTEM(1) seq=0
569562 MW_LAMP(27): On MW_LAMP_OFF_REQ from MICROWAVE(24) seq=257
569562 MW_LAMP(27): On EXIT
569562 MW_LAMP(27): Off ENTRY
581455 MICROWAVE(24): DisplayTimerPaused MICROWAVE_EXT_START_SIG from WIFI_ST(14) seq=29
581455 MICROWAVE(24): DisplayTimerPaused EXIT
581455 MICROWAVE(24): DisplayTimerRunning ENTRY
581455 TURNTABLE(28): Off TURNTABLE_ON_REQ from MICROWAVE(24) seq=262
581455 TURNTABLE(28): Off EXIT
581455 TURNTABLE(28): On ENTRY
581456 FAN(26): Off FAN_ON_REQ from MICROWAVE(24) seq=261
581456 FAN(26): Off EXIT
581456 FAN(26): On ENTRY
581456 MW_LAMP(27): Off MW_LAMP_ON_REQ from MICROWAVE(24) seq=260
581456 MW_LAMP(27): Off EXIT
581456 MW_LAMP(27): On ENTRY
581456 MAGNETRON(25): Paused MAGNETRON_ON_REQ from MICROWAVE(24) seq=263
581456 MAGNETRON(25): Paused EXIT
581456 MAGNETRON(25): On ENTRY
581456 MAGNETRON(25): Running ENTRY
582455 MICROWAVE(24): DisplayTimerRunning SECOND_TIMER - 00:31 remaining
583455 MICROWAVE(24): DisplayTimerRunning SECOND_TIMER - 00:30 remaining
584455 MICROWAVE(24): DisplayTimerRunning SECOND_TIMER - 00:29 remaining
585455 MICROWAVE(24): DisplayTimerRunning SECOND_TIMER - 00:28 remaining
586455 MICROWAVE(24): DisplayTimerRunning SECOND_TIMER - 00:27 remaining
587455 MICROWAVE(24): DisplayTimerRunning SECOND_TIMER - 00:26 remaining
588455 MICROWAVE(24): DisplayTimerRunning SECOND_TIMER - 00:25 remaining
588591 MICROWAVE(24): DisplayTimerRunning MICROWAVE_EXT_STOP_SIG from WIFI_ST(14) seq=30
588591 MICROWAVE(24): DisplayTimerRunning EXIT
588591 MICROWAVE(24): DisplayTimerPaused ENTRY
588591 MW_LAMP(27): On MW_LAMP_OFF_REQ from MICROWAVE(24) seq=273
588591 MW_LAMP(27): On EXIT
588591 MW_LAMP(27): Off ENTRY
588591 TURNTABLE(28): On TURNTABLE_OFF_REQ from MICROWAVE(24) seq=272
588591 TURNTABLE(28): On EXIT
588591 TURNTABLE(28): Off ENTRY
588592 FAN(26): On FAN_OFF_REQ from MICROWAVE(24) seq=271
588592 FAN(26): On EXIT
588592 FAN(26): Off ENTRY
588592 MAGNETRON(25): On MAGNETRON_PAUSE_REQ from MICROWAVE(24) seq=274
588592 MAGNETRON(25): Running EXIT
588592 MAGNETRON(25): On EXIT
588592 MAGNETRON(25): Paused ENTRY
597878 MICROWAVE(24): Started MICROWAVE_EXT_STOP_SIG from WIFI_ST(14) seq=31
597878 MICROWAVE(24): DisplayTimerPaused EXIT
597878 MICROWAVE(24): DisplayTimer EXIT
597878 MICROWAVE(24): DisplayClock ENTRY
597878 MAGNETRON(25): Started MAGNETRON_OFF_REQ from MICROWAVE(24) seq=276
597878 MAGNETRON(25): Paused EXIT
597878 MAGNETRON(25): Off ENTRY
612545 MICROWAVE(24): DisplayClock MICROWAVE_EXT_KITCHEN_TIMER_SIG from WIFI_ST(14) seq=32
612545 MICROWAVE(24): DisplayClock EXIT
612545 MICROWAVE(24): SetKitchenTimer ENTRY
612545 MICROWAVE(24): KitchenSelectHourTens ENTRY
619028 MICROWAVE(24): KitchenSelectHourTens MICROWAVE_EXT_DIGIT_SIG from WIFI_ST(14) seq=33
619028 MICROWAVE(24): KitchenSelectHourTens EXIT
619028 MICROWAVE(24): KitchenSelectHourOnes ENTRY
619886 MICROWAVE(24): KitchenSelectHourOnes MICROWAVE_EXT_DIGIT_SIG from WIFI_ST(14) seq=34
619886 MICROWAVE(24): KitchenSelectHourOnes EXIT
619886 MICROWAVE(24): KitchenSelectMinuteTens ENTRY
620758 MICROWAVE(24): KitchenSelectMinuteTens MICROWAVE_EXT_DIGIT_SIG from WIFI_ST(14) seq=35
620758 MICROWAVE(24): KitchenSelectMinuteTens EXIT
620758 MICROWAVE(24): KitchenSelectMinuteOnes ENTRY
621439 MICROWAVE(24): KitchenSelectMinuteOnes MICROWAVE_EXT_DIGIT_SIG from WIFI_ST(14) seq=36
621439 MICROWAVE(24): KitchenSelectMinuteOnes EXIT
621439 MICROWAVE(24): KitchenSelectHourTens ENTRY
622498 MICROWAVE(24): Started MICROWAVE_EXT_START_SIG from WIFI_ST(14) seq=37
622498 MICROWAVE(24): KitchenSelectHourTens EXIT
622498 MICROWAVE(24): SetKitchenTimer EXIT
622498 MICROWAVE(24): DisplayTimer ENTRY
622498 MICROWAVE(24): DisplayTimerRunning ENTRY
623498 MICROWAVE(24): DisplayTimerRunning SECOND_TIMER - 00:14 remaining
624498 MICROWAVE(24): DisplayTimerRunning SECOND_TIMER - 00:13 remaining
625498 MICROWAVE(24): DisplayTimerRunning SECOND_TIMER - 00:12 remaining
626498 MICROWAVE(24): DisplayTimerRunning SECOND_TIMER - 00:11 remaining
627498 MICROWAVE(24): DisplayTimerRunning SECOND_TIMER - 00:10 remaining
628498 MICROWAVE(24): DisplayTimerRunning SECOND_TIMER - 00:09 remaining
629391 MICROWAVE(24): HALF_SECOND_TIMER, IncrementClock()
629498 MICROWAVE(24): DisplayTimerRunning SECOND_TIMER - 00:08 remaining
630498 MICROWAVE(24): DisplayTimerRunning SECOND_TIMER - 00:07 remaining
631498 MICROWAVE(24): DisplayTimerRunning SECOND_TIMER - 00:06 remaining
632498 MICROWAVE(24): DisplayTimerRunning SECOND_TIMER - 00:05 remaining
633498 MICROWAVE(24): DisplayTimerRunning SECOND_TIMER - 00:04 remaining
634498 MICROWAVE(24): DisplayTimerRunning SECOND_TIMER - 00:03 remaining
635498 MICROWAVE(24): DisplayTimerRunning SECOND_TIMER - 00:02 remaining
636498 MICROWAVE(24): DisplayTimerRunning SECOND_TIMER - 00:01 remaining
637498 MICROWAVE(24): DisplayTimerRunning SECOND_TIMER - 00:00 remaining
637498 MICROWAVE(24): DisplayTimer DONE from UNDEF(0) seq=0
637498 MICROWAVE(24): DisplayTimerRunning EXIT
637498 MICROWAVE(24): DisplayTimer EXIT
637498 MICROWAVE(24): DisplayClock ENTRY
664375 MICROWAVE(24): DisplayClock MICROWAVE_EXT_DIGIT_SIG from WIFI_ST(14) seq=38
664375 MICROWAVE(24): DisplayClock EXIT
664375 MICROWAVE(24): DisplayTimer ENTRY
664375 MICROWAVE(24): DisplayTimerRunning ENTRY
664375 TURNTABLE(28): Off TURNTABLE_ON_REQ from MICROWAVE(24) seq=419
664375 TURNTABLE(28): Off EXIT
664375 TURNTABLE(28): On ENTRY
664376 FAN(26): Off FAN_ON_REQ from MICROWAVE(24) seq=418
664376 FAN(26): Off EXIT
664376 FAN(26): On ENTRY
664376 MW_LAMP(27): Off MW_LAMP_ON_REQ from MICROWAVE(24) seq=417
664376 MW_LAMP(27): Off EXIT
664376 MW_LAMP(27): On ENTRY
664376 MAGNETRON(25): Started MAGNETRON_ON_REQ from MICROWAVE(24) seq=420
664376 MAGNETRON(25): Off EXIT
664376 MAGNETRON(25): On ENTRY
664376 MAGNETRON(25): Running ENTRY
665375 MICROWAVE(24): DisplayTimerRunning SECOND_TIMER - 00:59 remaining
666375 MICROWAVE(24): DisplayTimerRunning SECOND_TIMER - 00:58 remaining
667375 MICROWAVE(24): DisplayTimerRunning SECOND_TIMER - 00:57 remaining
668375 MICROWAVE(24): DisplayTimerRunning SECOND_TIMER - 00:56 remaining
669375 MICROWAVE(24): DisplayTimerRunning SECOND_TIMER - 00:55 remaining
670375 MICROWAVE(24): DisplayTimerRunning SECOND_TIMER - 00:54 remaining
671375 MICROWAVE(24): DisplayTimerRunning SECOND_TIMER - 00:53 remaining
672375 MICROWAVE(24): DisplayTimerRunning SECOND_TIMER - 00:52 remaining
673375 MICROWAVE(24): DisplayTimerRunning SECOND_TIMER - 00:51 remaining
674375 MICROWAVE(24): DisplayTimerRunning SECOND_TIMER - 00:50 remaining
675375 MICROWAVE(24): DisplayTimerRunning SECOND_TIMER - 00:49 remaining
676375 MICROWAVE(24): DisplayTimerRunning SECOND_TIMER - 00:48 remaining
677375 MICROWAVE(24): DisplayTimerRunning SECOND_TIMER - 00:47 remaining
678375 MICROWAVE(24): DisplayTimerRunning SECOND_TIMER - 00:46 remaining
679375 MICROWAVE(24): DisplayTimerRunning SECOND_TIMER - 00:45 remaining
680375 MICROWAVE(24): DisplayTimerRunning SECOND_TIMER - 00:44 remaining
681375 MICROWAVE(24): DisplayTimerRunning SECOND_TIMER - 00:43 remaining
681471 MICROWAVE(24): DisplayTimerRunning MICROWAVE_EXT_STOP_SIG from WIFI_ST(14) seq=39
681471 MICROWAVE(24): DisplayTimerRunning EXIT
681471 MICROWAVE(24): DisplayTimerPaused ENTRY
681471 MW_LAMP(27): On MW_LAMP_OFF_REQ from MICROWAVE(24) seq=440
681471 MW_LAMP(27): On EXIT
681471 MW_LAMP(27): Off ENTRY
681471 TURNTABLE(28): On TURNTABLE_OFF_REQ from MICROWAVE(24) seq=439
681471 TURNTABLE(28): On EXIT
681471 TURNTABLE(28): Off ENTRY
681472 FAN(26): On FAN_OFF_REQ from MICROWAVE(24) seq=438
681472 FAN(26): On EXIT
681472 FAN(26): Off ENTRY
681472 MAGNETRON(25): On MAGNETRON_PAUSE_REQ from MICROWAVE(24) seq=441
681472 MAGNETRON(25): Running EXIT
681472 MAGNETRON(25): On EXIT
681472 MAGNETRON(25): Paused ENTRY
681772 MICROWAVE(24): Started MICROWAVE_EXT_STOP_SIG from WIFI_ST(14) seq=40
681772 MICROWAVE(24): DisplayTimerPaused EXIT
681772 MICROWAVE(24): DisplayTimer EXIT
681772 MICROWAVE(24): DisplayClock ENTRY
681772 MAGNETRON(25): Started MAGNETRON_OFF_REQ from MICROWAVE(24) seq=443
681772 MAGNETRON(25): Paused EXIT
681772 MAGNETRON(25): Off ENTRY
682278 MICROWAVE(24): Started MICROWAVE_EXT_STOP_SIG from WIFI_ST(14) seq=41
682278 MICROWAVE(24): DisplayClock EXIT
682278 MICROWAVE(24): DisplayClock ENTRY
684119 MICROWAVE(24): DisplayClock MICROWAVE_EXT_DIGIT_SIG from WIFI_ST(14) seq=42
684119 MICROWAVE(24): DisplayClock EXIT
684119 MICROWAVE(24): DisplayTimer ENTRY
684119 MICROWAVE(24): DisplayTimerRunning ENTRY
684119 TURNTABLE(28): Off TURNTABLE_ON_REQ from MICROWAVE(24) seq=457
684119 TURNTABLE(28): Off EXIT
684119 TURNTABLE(28): On ENTRY
684120 FAN(26): Off FAN_ON_REQ from MICROWAVE(24) seq=456
684120 FAN(26): Off EXIT
684120 FAN(26): On ENTRY
684120 MW_LAMP(27): Off MW_LAMP_ON_REQ from MICROWAVE(24) seq=455
684120 MW_LAMP(27): Off EXIT
684120 MW_LAMP(27): On ENTRY
684120 MAGNETRON(25): Started MAGNETRON_ON_REQ from MICROWAVE(24) seq=458
684120 MAGNETRON(25): Off EXIT
684120 MAGNETRON(25): On ENTRY
684120 MAGNETRON(25): Running ENTRY
684781 MICROWAVE(24): DisplayTimerRunning MICROWAVE_EXT_STOP_SIG from WIFI_ST(14) seq=43
684781 MICROWAVE(24): DisplayTimerRunning EXIT
684781 MICROWAVE(24): DisplayTimerPaused ENTRY
684781 MW_LAMP(27): On MW_LAMP_OFF_REQ from MICROWAVE(24) seq=461
684781 MW_LAMP(27): On EXIT
684781 MW_LAMP(27): Off ENTRY
684781 TURNTABLE(28): On TURNTABLE_OFF_REQ from MICROWAVE(24) seq=460
684781 TURNTABLE(28): On EXIT
684781 TURNTABLE(28): Off ENTRY
684782 FAN(26): On FAN_OFF_REQ from MICROWAVE(24) seq=459
684782 FAN(26): On EXIT
684782 FAN(26): Off ENTRY
684782 MAGNETRON(25): On MAGNETRON_PAUSE_REQ from MICROWAVE(24) seq=462
684782 MAGNETRON(25): Running EXIT
684782 MAGNETRON(25): On EXIT
684782 MAGNETRON(25): Paused ENTRY
685070 MICROWAVE(24): Started MICROWAVE_EXT_STOP_SIG from WIFI_ST(14) seq=44
685070 MICROWAVE(24): DisplayTimerPaused EXIT
685070 MICROWAVE(24): DisplayTimer EXIT
685070 MICROWAVE(24): DisplayClock ENTRY
685070 MAGNETRON(25): Started MAGNETRON_OFF_REQ from MICROWAVE(24) seq=464
685070 MAGNETRON(25): Paused EXIT
685070 MAGNETRON(25): Off ENTRY
685632 MICROWAVE(24): DisplayClock MICROWAVE_EXT_DIGIT_SIG from WIFI_ST(14) seq=45
685632 MICROWAVE(24): DisplayClock EXIT
685632 MICROWAVE(24): DisplayTimer ENTRY
685633 MICROWAVE(24): DisplayTimerRunning ENTRY
685633 TURNTABLE(28): Off TURNTABLE_ON_REQ from MICROWAVE(24) seq=472
685633 TURNTABLE(28): Off EXIT
685633 TURNTABLE(28): On ENTRY
685633 FAN(26): Off FAN_ON_REQ from MICROWAVE(24) seq=471
685633 FAN(26): Off EXIT
685633 FAN(26): On ENTRY
685633 MW_LAMP(27): Off MW_LAMP_ON_REQ from MICROWAVE(24) seq=470
685633 MW_LAMP(27): Off EXIT
685634 MW_LAMP(27): On ENTRY
685634 MAGNETRON(25): Started MAGNETRON_ON_REQ from MICROWAVE(24) seq=473
685634 MAGNETRON(25): Off EXIT
685634 MAGNETRON(25): On ENTRY
685634 MAGNETRON(25): Running ENTRY
686356 MICROWAVE(24): DisplayTimerRunning MICROWAVE_EXT_STOP_SIG from WIFI_ST(14) seq=46
686356 MICROWAVE(24): DisplayTimerRunning EXIT
686356 MICROWAVE(24): DisplayTimerPaused ENTRY
686356 MW_LAMP(27): On MW_LAMP_OFF_REQ from MICROWAVE(24) seq=476
686356 MW_LAMP(27): On EXIT
686356 MW_LAMP(27): Off ENTRY
686356 TURNTABLE(28): On TURNTABLE_OFF_REQ from MICROWAVE(24) seq=475
686356 TURNTABLE(28): On EXIT
686356 TURNTABLE(28): Off ENTRY
686357 FAN(26): On FAN_OFF_REQ from MICROWAVE(24) seq=474
686357 FAN(26): On EXIT
686357 FAN(26): Off ENTRY
686357 MAGNETRON(25): On MAGNETRON_PAUSE_REQ from MICROWAVE(24) seq=477
686357 MAGNETRON(25): Running EXIT
686357 MAGNETRON(25): On EXIT
686357 MAGNETRON(25): Paused ENTRY
686657 MICROWAVE(24): Started MICROWAVE_EXT_STOP_SIG from WIFI_ST(14) seq=47
686657 MICROWAVE(24): DisplayTimerPaused EXIT
686657 MICROWAVE(24): DisplayTimer EXIT
686657 MICROWAVE(24): DisplayClock ENTRY
686657 MAGNETRON(25): Started MAGNETRON_OFF_REQ from MICROWAVE(24) seq=479
686657 MAGNETRON(25): Paused EXIT
686657 MAGNETRON(25): Off ENTRY
687314 MICROWAVE(24): DisplayClock MICROWAVE_EXT_DIGIT_SIG from WIFI_ST(14) seq=48
687314 MICROWAVE(24): DisplayClock EXIT
687314 MICROWAVE(24): DisplayTimer ENTRY
687314 MICROWAVE(24): DisplayTimerRunning ENTRY
687314 TURNTABLE(28): Off TURNTABLE_ON_REQ from MICROWAVE(24) seq=487
687314 TURNTABLE(28): Off EXIT
687314 TURNTABLE(28): On ENTRY
687315 FAN(26): Off FAN_ON_REQ from MICROWAVE(24) seq=486
687315 FAN(26): Off EXIT
687315 FAN(26): On ENTRY
687315 MW_LAMP(27): Off MW_LAMP_ON_REQ from MICROWAVE(24) seq=485
687315 MW_LAMP(27): Off EXIT
687315 MW_LAMP(27): On ENTRY
687315 MAGNETRON(25): Started MAGNETRON_ON_REQ from MICROWAVE(24) seq=488
687315 MAGNETRON(25): Off EXIT
687315 MAGNETRON(25): On ENTRY
687315 MAGNETRON(25): Running ENTRY
688072 MICROWAVE(24): DisplayTimerRunning MICROWAVE_EXT_STOP_SIG from WIFI_ST(14) seq=49
688072 MICROWAVE(24): DisplayTimerRunning EXIT
688072 MICROWAVE(24): DisplayTimerPaused ENTRY
688072 MW_LAMP(27): On MW_LAMP_OFF_REQ from MICROWAVE(24) seq=491
688072 MW_LAMP(27): On EXIT
688072 MW_LAMP(27): Off ENTRY
688072 TURNTABLE(28): On TURNTABLE_OFF_REQ from MICROWAVE(24) seq=490
688072 TURNTABLE(28): On EXIT
688072 TURNTABLE(28): Off ENTRY
688073 FAN(26): On FAN_OFF_REQ from MICROWAVE(24) seq=489
688073 FAN(26): On EXIT
688073 FAN(26): Off ENTRY
688073 MAGNETRON(25): On MAGNETRON_PAUSE_REQ from MICROWAVE(24) seq=492
688073 MAGNETRON(25): Running EXIT
688073 MAGNETRON(25): On EXIT
688073 MAGNETRON(25): Paused ENTRY
688372 MICROWAVE(24): Started MICROWAVE_EXT_STOP_SIG from WIFI_ST(14) seq=50
688372 MICROWAVE(24): DisplayTimerPaused EXIT
688372 MICROWAVE(24): DisplayTimer EXIT
688372 MICROWAVE(24): DisplayClock ENTRY
688372 MAGNETRON(25): Started MAGNETRON_OFF_REQ from MICROWAVE(24) seq=494
688372 MAGNETRON(25): Paused EXIT
688372 MAGNETRON(25): Off ENTRY
688972 MICROWAVE(24): DisplayClock MICROWAVE_EXT_DIGIT_SIG from WIFI_ST(14) seq=51
688972 MICROWAVE(24): DisplayClock EXIT
688972 MICROWAVE(24): DisplayTimer ENTRY
688972 MICROWAVE(24): DisplayTimerRunning ENTRY
688972 TURNTABLE(28): Off TURNTABLE_ON_REQ from MICROWAVE(24) seq=503
688972 TURNTABLE(28): Off EXIT
688972 TURNTABLE(28): On ENTRY
688973 FAN(26): Off FAN_ON_REQ from MICROWAVE(24) seq=502
688973 FAN(26): Off EXIT
688973 FAN(26): On ENTRY
688973 MW_LAMP(27): Off MW_LAMP_ON_REQ from MICROWAVE(24) seq=501
688973 MW_LAMP(27): Off EXIT
688973 MW_LAMP(27): On ENTRY
688973 MAGNETRON(25): Started MAGNETRON_ON_REQ from MICROWAVE(24) seq=504
688973 MAGNETRON(25): Off EXIT
688973 MAGNETRON(25): On ENTRY
688973 MAGNETRON(25): Running ENTRY
689391 MICROWAVE(24): HALF_SECOND_TIMER, IncrementClock()
689792 MICROWAVE(24): DisplayTimerRunning MICROWAVE_EXT_STOP_SIG from WIFI_ST(14) seq=52
689792 MICROWAVE(24): DisplayTimerRunning EXIT
689792 MICROWAVE(24): DisplayTimerPaused ENTRY
689792 MW_LAMP(27): On MW_LAMP_OFF_REQ from MICROWAVE(24) seq=508
689792 MW_LAMP(27): On EXIT
689792 MW_LAMP(27): Off ENTRY
689792 TURNTABLE(28): On TURNTABLE_OFF_REQ from MICROWAVE(24) seq=507
689792 TURNTABLE(28): On EXIT
689792 TURNTABLE(28): Off ENTRY
689793 FAN(26): On FAN_OFF_REQ from MICROWAVE(24) seq=506
689793 FAN(26): On EXIT
689793 FAN(26): Off ENTRY
689793 MAGNETRON(25): On MAGNETRON_PAUSE_REQ from MICROWAVE(24) seq=509
689793 MAGNETRON(25): Running EXIT
689793 MAGNETRON(25): On EXIT
689793 MAGNETRON(25): Paused ENTRY
690043 MICROWAVE(24): Started MICROWAVE_EXT_STOP_SIG from WIFI_ST(14) seq=53
690043 MICROWAVE(24): DisplayTimerPaused EXIT
690043 MICROWAVE(24): DisplayTimer EXIT
690043 MICROWAVE(24): DisplayClock ENTRY
690043 MAGNETRON(25): Started MAGNETRON_OFF_REQ from MICROWAVE(24) seq=511
690043 MAGNETRON(25): Paused EXIT
690043 MAGNETRON(25): Off ENTRY
690705 MICROWAVE(24): DisplayClock MICROWAVE_EXT_DIGIT_SIG from WIFI_ST(14) seq=54
690705 MICROWAVE(24): DisplayClock EXIT
690705 MICROWAVE(24): DisplayTimer ENTRY
690705 MICROWAVE(24): DisplayTimerRunning ENTRY
690705 TURNTABLE(28): Off TURNTABLE_ON_REQ from MICROWAVE(24) seq=519
690705 TURNTABLE(28): Off EXIT
690705 TURNTABLE(28): On ENTRY
690706 FAN(26): Off FAN_ON_REQ from MICROWAVE(24) seq=518
690706 FAN(26): Off EXIT
690706 FAN(26): On ENTRY
690706 MW_LAMP(27): Off MW_LAMP_ON_REQ from MICROWAVE(24) seq=517
690706 MW_LAMP(27): Off EXIT
690706 MW_LAMP(27): On ENTRY
690706 MAGNETRON(25): Started MAGNETRON_ON_REQ from MICROWAVE(24) seq=520
690706 MAGNETRON(25): Off EXIT
690706 MAGNETRON(25): On ENTRY
690706 MAGNETRON(25): Running ENTRY
691468 MICROWAVE(24): DisplayTimerRunning MICROWAVE_EXT_STOP_SIG from WIFI_ST(14) seq=55
691468 MICROWAVE(24): DisplayTimerRunning EXIT
691468 MICROWAVE(24): DisplayTimerPaused ENTRY
691468 MW_LAMP(27): On MW_LAMP_OFF_REQ from MICROWAVE(24) seq=523
691468 MW_LAMP(27): On EXIT
691468 MW_LAMP(27): Off ENTRY
691468 TURNTABLE(28): On TURNTABLE_OFF_REQ from MICROWAVE(24) seq=522
691468 TURNTABLE(28): On EXIT
691468 TURNTABLE(28): Off ENTRY
691469 FAN(26): On FAN_OFF_REQ from MICROWAVE(24) seq=521
691469 FAN(26): On EXIT
691469 FAN(26): Off ENTRY
691469 MAGNETRON(25): On MAGNETRON_PAUSE_REQ from MICROWAVE(24) seq=524
691469 MAGNETRON(25): Running EXIT
691469 MAGNETRON(25): On EXIT
691469 MAGNETRON(25): Paused ENTRY
691758 MICROWAVE(24): Started MICROWAVE_EXT_STOP_SIG from WIFI_ST(14) seq=56
691758 MICROWAVE(24): DisplayTimerPaused EXIT
691758 MICROWAVE(24): DisplayTimer EXIT
691758 MICROWAVE(24): DisplayClock ENTRY
691758 MAGNETRON(25): Started MAGNETRON_OFF_REQ from MICROWAVE(24) seq=526
691758 MAGNETRON(25): Paused EXIT
691758 MAGNETRON(25): Off ENTRY
692502 MICROWAVE(24): DisplayClock MICROWAVE_EXT_DIGIT_SIG from WIFI_ST(14) seq=57
692994 MICROWAVE(24): DisplayClock MICROWAVE_EXT_DIGIT_SIG from WIFI_ST(14) seq=58
693374 MICROWAVE(24): DisplayClock MICROWAVE_EXT_DIGIT_SIG from WIFI_ST(14) seq=59
693775 MICROWAVE(24): DisplayClock MICROWAVE_EXT_DIGIT_SIG from WIFI_ST(14) seq=60
715762 MICROWAVE(24): Started MICROWAVE_EXT_START_SIG from WIFI_ST(14) seq=61
715762 MICROWAVE(24): DisplayClock EXIT
715762 MICROWAVE(24): DisplayTimer ENTRY
715762 MICROWAVE(24): DisplayTimerRunning ENTRY
715762 TURNTABLE(28): Off TURNTABLE_ON_REQ from MICROWAVE(24) seq=581
715762 TURNTABLE(28): Off EXIT
715762 TURNTABLE(28): On ENTRY
715763 FAN(26): Off FAN_ON_REQ from MICROWAVE(24) seq=580
715763 FAN(26): Off EXIT
715763 FAN(26): On ENTRY
715763 MW_LAMP(27): Off MW_LAMP_ON_REQ from MICROWAVE(24) seq=579
715763 MW_LAMP(27): Off EXIT
715763 MW_LAMP(27): On ENTRY
715763 MAGNETRON(25): Started MAGNETRON_ON_REQ from MICROWAVE(24) seq=582
715763 MAGNETRON(25): Off EXIT
715763 MAGNETRON(25): On ENTRY
715763 MAGNETRON(25): Running ENTRY
716762 MICROWAVE(24): DisplayTimerRunning SECOND_TIMER - 00:29 remaining
717762 MICROWAVE(24): DisplayTimerRunning SECOND_TIMER - 00:28 remaining
718762 MICROWAVE(24): DisplayTimerRunning SECOND_TIMER - 00:27 remaining
719762 MICROWAVE(24): DisplayTimerRunning SECOND_TIMER - 00:26 remaining
720762 MICROWAVE(24): DisplayTimerRunning SECOND_TIMER - 00:25 remaining
721762 MICROWAVE(24): DisplayTimerRunning SECOND_TIMER - 00:24 remaining
722762 MICROWAVE(24): DisplayTimerRunning SECOND_TIMER - 00:23 remaining
723762 MICROWAVE(24): DisplayTimerRunning SECOND_TIMER - 00:22 remaining
724762 MICROWAVE(24): DisplayTimerRunning SECOND_TIMER - 00:21 remaining
725762 MICROWAVE(24): DisplayTimerRunning SECOND_TIMER - 00:20 remaining
726762 MICROWAVE(24): DisplayTimerRunning SECOND_TIMER - 00:19 remaining
727364 MICROWAVE(24): DisplayTimer MICROWAVE_EXT_START_SIG from WIFI_ST(14) seq=62
727762 MICROWAVE(24): DisplayTimerRunning SECOND_TIMER - 00:48 remaining
728757 MICROWAVE(24): DisplayTimer MICROWAVE_EXT_START_SIG from WIFI_ST(14) seq=63
728762 MICROWAVE(24): DisplayTimerRunning SECOND_TIMER - 01:17 remaining
729762 MICROWAVE(24): DisplayTimerRunning SECOND_TIMER - 01:16 remaining
730762 MICROWAVE(24): DisplayTimerRunning SECOND_TIMER - 01:15 remaining
731087 MICROWAVE(24): DisplayTimerRunning MICROWAVE_EXT_STOP_SIG from WIFI_ST(14) seq=64
731087 MICROWAVE(24): DisplayTimerRunning EXIT
731087 MICROWAVE(24): DisplayTimerPaused ENTRY
731087 MW_LAMP(27): On MW_LAMP_OFF_REQ from MICROWAVE(24) seq=602
731087 MW_LAMP(27): On EXIT
731087 MW_LAMP(27): Off ENTRY
731087 TURNTABLE(28): On TURNTABLE_OFF_REQ from MICROWAVE(24) seq=601
731087 TURNTABLE(28): On EXIT
731088 TURNTABLE(28): Off ENTRY
731088 FAN(26): On FAN_OFF_REQ from MICROWAVE(24) seq=600
731088 FAN(26): On EXIT
731088 FAN(26): Off ENTRY
731088 MAGNETRON(25): On MAGNETRON_PAUSE_REQ from MICROWAVE(24) seq=603
731088 MAGNETRON(25): Running EXIT
731088 MAGNETRON(25): On EXIT
731088 MAGNETRON(25): Paused ENTRY
731542 MICROWAVE(24): Started MICROWAVE_EXT_STOP_SIG from WIFI_ST(14) seq=65
731542 MICROWAVE(24): DisplayTimerPaused EXIT
731542 MICROWAVE(24): DisplayTimer EXIT
731542 MICROWAVE(24): DisplayClock ENTRY
731542 MAGNETRON(25): Started MAGNETRON_OFF_REQ from MICROWAVE(24) seq=605
731542 MAGNETRON(25): Paused EXIT
731542 MAGNETRON(25): Off ENTRY
749391 MICROWAVE(24): HALF_SECOND_TIMER, IncrementClock()
775920 MICROWAVE(24): DisplayClock MICROWAVE_EXT_STATE_REQ_SIG from WIFI_ST(14) seq=66
d 
795982 CONSOLE_UART2> wifi conn 192.168.0.10 60002
800478 CONSOLE_UART2> 809391 MICROWAVE(24): HALF_SECOND_TIMER, IncrementClock()
Ú2676 MICROWAVE(24): Started MICROWAVE_WIFI_CONN_REQ from WIFI_ST(14) seq=1
20210 MICROWAVE(24): DisplayClock MICROWAVE_EXT_STATE_REQ_SIG from WIFI_ST(14) seq=2
41188 MICROWAVE(24): DisplayClock MICROWAVE_EXT_CLOCK_SIG from WIFI_ST(14) seq=3
41188 MICROWAVE(24): SetClock ENTRY
41188 MICROWAVE(24): ClockSelectHourTens ENTRY
42445 MICROWAVE(24): ClockSelectHourTens MICROWAVE_EXT_DIGIT_SIG from WIFI_ST(14) seq=4
42445 MICROWAVE(24): ClockSelectHourTens EXIT
42445 MICROWAVE(24): ClockSelectHourOnes ENTRY
43145 MICROWAVE(24): ClockSelectHourOnes MICROWAVE_EXT_DIGIT_SIG from WIFI_ST(14) seq=5
43145 MICROWAVE(24): ClockSelectHourOnes EXIT
43145 MICROWAVE(24): ClockSelectMinuteTens ENTRY
44078 MICROWAVE(24): ClockSelectMinuteTens MICROWAVE_EXT_DIGIT_SIG from WIFI_ST(14) seq=6
44078 MICROWAVE(24): ClockSelectMinuteTens EXIT
44078 MICROWAVE(24): ClockSelectMinuteOnes ENTRY
44818 MICROWAVE(24): ClockSelectMinuteOnes MICROWAVE_EXT_DIGIT_SIG from WIFI_ST(14) seq=7
44818 MICROWAVE(24): ClockSelectMinuteOnes EXIT
44818 MICROWAVE(24): ClockSelectHourTens ENTRY
46940 MICROWAVE(24): SetClock MICROWAVE_EXT_CLOCK_SIG from WIFI_ST(14) seq=8
46940 MICROWAVE(24): ClockSelectHourTens EXIT
46940 MICROWAVE(24): SetClock EXIT
68830 MICROWAVE(24): DisplayClock MICROWAVE_EXT_COOK_TIME_SIG from WIFI_ST(14) seq=9
68830 MICROWAVE(24): DisplayClock EXIT
68830 MICROWAVE(24): SetCookTimer ENTRY
68830 MICROWAVE(24): SetCookTimerInitial ENTRY
72395 MICROWAVE(24): SetCookTimerInitial MICROWAVE_EXT_DIGIT_SIG from WIFI_ST(14) seq=10
75965 MICROWAVE(24): SetCookTimerInitial MICROWAVE_EXT_DIGIT_SIG from WIFI_ST(14) seq=11
75965 MICROWAVE(24): SetCookTimerInitial EXIT
75965 MICROWAVE(24): SetCookTimerFinal ENTRY
77207 MICROWAVE(24): SetCookTimerFinal MICROWAVE_EXT_DIGIT_SIG from WIFI_ST(14) seq=12
77568 MICROWAVE(24): SetCookTimerFinal MICROWAVE_EXT_DIGIT_SIG from WIFI_ST(14) seq=13
79137 MICROWAVE(24): SetCookTimer MICROWAVE_EXT_POWER_LEVEL_SIG from WIFI_ST(14) seq=14
79137 MICROWAVE(24): SetCookTimerFinal EXIT
79137 MICROWAVE(24): SetCookTimer EXIT
79137 MICROWAVE(24): SetPowerLevel ENTRY
81763 MICROWAVE(24): SetPowerLevel MICROWAVE_EXT_DIGIT_SIG from WIFI_ST(14) seq=15
88517 MICROWAVE(24): SetPowerLevel MICROWAVE_EXT_COOK_TIME_SIG from WIFI_ST(14) seq=16
88517 MICROWAVE(24): SetPowerLevel EXIT
88517 MICROWAVE(24): SetCookTimer ENTRY
88517 MICROWAVE(24): SetCookTimerInitial ENTRY
92623 MICROWAVE(24): SetCookTimerInitial MICROWAVE_EXT_DIGIT_SIG from WIFI_ST(14) seq=17
92623 MICROWAVE(24): SetCookTimerInitial EXIT
92623 MICROWAVE(24): SetCookTimerFinal ENTRY
93215 MICROWAVE(24): SetCookTimerFinal MICROWAVE_EXT_DIGIT_SIG from WIFI_ST(14) seq=18
96697 MICROWAVE(24): SetCookTimer MICROWAVE_EXT_POWER_LEVEL_SIG from WIFI_ST(14) seq=19
96697 MICROWAVE(24): SetCookTimerFinal EXIT
96697 MICROWAVE(24): SetCookTimer EXIT
96697 MICROWAVE(24): SetPowerLevel ENTRY
99271 MICROWAVE(24): SetPowerLevel MICROWAVE_EXT_DIGIT_SIG from WIFI_ST(14) seq=20
102416 MICROWAVE(24): Started MICROWAVE_EXT_START_SIG from WIFI_ST(14) seq=21
102416 MICROWAVE(24): SetPowerLevel EXIT
102416 MICROWAVE(24): DisplayTimer ENTRY
102416 MICROWAVE(24): DisplayTimerRunning ENTRY
102416 TURNTABLE(28): Off TURNTABLE_ON_REQ from MICROWAVE(24) seq=126
102416 TURNTABLE(28): Off EXIT
102416 TURNTABLE(28): On ENTRY
102417 FAN(26): Off FAN_ON_REQ from MICROWAVE(24) seq=125
102417 FAN(26): Off EXIT
102417 FAN(26): On ENTRY
102417 MW_LAMP(27): Off MW_LAMP_ON_REQ from MICROWAVE(24) seq=124
102417 MW_LAMP(27): Off EXIT
102417 MW_LAMP(27): On ENTRY
102417 MAGNETRON(25): Started MAGNETRON_ON_REQ from MICROWAVE(24) seq=127
102417 MAGNETRON(25): [p=3],[on=9000],[off=21000]

102417 MAGNETRON(25): Off EXIT
102417 MAGNETRON(25): On ENTRY
102417 MAGNETRON(25): Running ENTRY
103416 MICROWAVE(24): DisplayTimerRunning SECOND_TIMER - 00:59 remaining
104416 MICROWAVE(24): DisplayTimerRunning SECOND_TIMER - 00:58 remaining
105416 MICROWAVE(24): DisplayTimerRunning SECOND_TIMER - 00:57 remaining
106416 MICROWAVE(24): DisplayTimerRunning SECOND_TIMER - 00:56 remaining
106940 MICROWAVE(24): HALF_SECOND_TIMER, IncrementClock()
107416 MICROWAVE(24): DisplayTimerRunning SECOND_TIMER - 00:55 remaining
108416 MICROWAVE(24): DisplayTimerRunning SECOND_TIMER - 00:54 remaining
109416 MICROWAVE(24): DisplayTimerRunning SECOND_TIMER - 00:53 remaining
110416 MICROWAVE(24): DisplayTimerRunning SECOND_TIMER - 00:52 remaining
111416 MICROWAVE(24): DisplayTimerRunning SECOND_TIMER - 00:51 remaining
111417 MAGNETRON(25): Running MAGNETRON_TIMER
111417 MAGNETRON(25): Running EXIT
111417 MAGNETRON(25): NotRunning ENTRY
112416 MICROWAVE(24): DisplayTimerRunning SECOND_TIMER - 00:50 remaining
113416 MICROWAVE(24): DisplayTimerRunning SECOND_TIMER - 00:49 remaining
114416 MICROWAVE(24): DisplayTimerRunning SECOND_TIMER - 00:48 remaining
115416 MICROWAVE(24): DisplayTimerRunning SECOND_TIMER - 00:47 remaining
116416 MICROWAVE(24): DisplayTimerRunning SECOND_TIMER - 00:46 remaining
117416 MICROWAVE(24): DisplayTimerRunning SECOND_TIMER - 00:45 remaining
118416 MICROWAVE(24): DisplayTimerRunning SECOND_TIMER - 00:44 remaining
119416 MICROWAVE(24): DisplayTimerRunning SECOND_TIMER - 00:43 remaining
120416 MICROWAVE(24): DisplayTimerRunning SECOND_TIMER - 00:42 remaining
121416 MICROWAVE(24): DisplayTimerRunning SECOND_TIMER - 00:41 remaining
122416 MICROWAVE(24): DisplayTimerRunning SECOND_TIMER - 00:40 remaining
123416 MICROWAVE(24): DisplayTimerRunning SECOND_TIMER - 00:39 remaining
124416 MICROWAVE(24): DisplayTimerRunning SECOND_TIMER - 00:38 remaining
125416 MICROWAVE(24): DisplayTimerRunning SECOND_TIMER - 00:37 remaining
126416 MICROWAVE(24): DisplayTimerRunning SECOND_TIMER - 00:36 remaining
127416 MICROWAVE(24): DisplayTimerRunning SECOND_TIMER - 00:35 remaining
128416 MICROWAVE(24): DisplayTimerRunning SECOND_TIMER - 00:34 remaining
129416 MICROWAVE(24): DisplayTimerRunning SECOND_TIMER - 00:33 remaining
130416 MICROWAVE(24): DisplayTimerRunning SECOND_TIMER - 00:32 remaining
131416 MICROWAVE(24): DisplayTimerRunning SECOND_TIMER - 00:31 remaining
132416 MICROWAVE(24): DisplayTimerRunning SECOND_TIMER - 00:30 remaining
132417 MAGNETRON(25): NotRunning MAGNETRON_TIMER
132417 MAGNETRON(25): NotRunning EXIT
132417 MAGNETRON(25): Running ENTRY
133416 MICROWAVE(24): DisplayTimerRunning SECOND_TIMER - 00:29 remaining
134416 MICROWAVE(24): DisplayTimerRunning SECOND_TIMER - 00:28 remaining
135416 MICROWAVE(24): DisplayTimerRunning SECOND_TIMER - 00:27 remaining
136416 MICROWAVE(24): DisplayTimerRunning SECOND_TIMER - 00:26 remaining
136526 MICROWAVE(24): DisplayTimer MICROWAVE_EXT_POWER_LEVEL_SIG from WIFI_ST(14) seq=22
137416 MICROWAVE(24): DisplayTimerRunning SECOND_TIMER - 00:25 remaining
138416 MICROWAVE(24): DisplayTimerRunning SECOND_TIMER - 00:24 remaining
139416 MICROWAVE(24): DisplayTimerRunning SECOND_TIMER - 00:23 remaining
140416 MICROWAVE(24): DisplayTimerRunning SECOND_TIMER - 00:22 remaining
141416 MICROWAVE(24): DisplayTimerRunning SECOND_TIMER - 00:21 remaining
141417 MAGNETRON(25): Running MAGNETRON_TIMER
141417 MAGNETRON(25): Running EXIT
141417 MAGNETRON(25): NotRunning ENTRY
142416 MICROWAVE(24): DisplayTimerRunning SECOND_TIMER - 00:20 remaining
143416 MICROWAVE(24): DisplayTimerRunning SECOND_TIMER - 00:19 remaining
144237 MICROWAVE(24): DisplayTimer MICROWAVE_EXT_POWER_LEVEL_SIG from WIFI_ST(14) seq=23
144416 MICROWAVE(24): DisplayTimerRunning SECOND_TIMER - 00:18 remaining
145416 MICROWAVE(24): DisplayTimerRunning SECOND_TIMER - 00:17 remaining
146416 MICROWAVE(24): DisplayTimerRunning SECOND_TIMER - 00:16 remaining
147416 MICROWAVE(24): DisplayTimerRunning SECOND_TIMER - 00:15 remaining
148416 MICROWAVE(24): DisplayTimerRunning SECOND_TIMER - 00:14 remaining
149416 MICROWAVE(24): DisplayTimerRunning SECOND_TIMER - 00:13 remaining
150416 MICROWAVE(24): DisplayTimerRunning SECOND_TIMER - 00:12 remaining
151416 MICROWAVE(24): DisplayTimerRunning SECOND_TIMER - 00:11 remaining
152416 MICROWAVE(24): DisplayTimerRunning SECOND_TIMER - 00:10 remaining
153416 MICROWAVE(24): DisplayTimerRunning SECOND_TIMER - 00:09 remaining
154416 MICROWAVE(24): DisplayTimerRunning SECOND_TIMER - 00:08 remaining
155416 MICROWAVE(24): DisplayTimerRunning SECOND_TIMER - 00:07 remaining
156416 MICROWAVE(24): DisplayTimerRunning SECOND_TIMER - 00:06 remaining
157416 MICROWAVE(24): DisplayTimerRunning SECOND_TIMER - 00:05 remaining
158416 MICROWAVE(24): DisplayTimerRunning SECOND_TIMER - 00:04 remaining
159416 MICROWAVE(24): DisplayTimerRunning SECOND_TIMER - 00:03 remaining
160416 MICROWAVE(24): DisplayTimerRunning SECOND_TIMER - 00:02 remaining
161415 MICROWAVE(24): DisplayTimer MICROWAVE_EXT_POWER_LEVEL_SIG from WIFI_ST(14) seq=24
161416 MICROWAVE(24): DisplayTimerRunning SECOND_TIMER - 00:01 remaining
162416 MICROWAVE(24): DisplayTimerRunning SECOND_TIMER - 00:15 remaining
162416 MAGNETRON(25): Started MAGNETRON_OFF_REQ from MICROWAVE(24) seq=191
162416 MAGNETRON(25): NotRunning EXIT
162416 MAGNETRON(25): On EXIT
162416 MAGNETRON(25): Off ENTRY
162416 MAGNETRON(25): Started MAGNETRON_ON_REQ from MICROWAVE(24) seq=192
162416 MAGNETRON(25): [p=4],[on=12000],[off=18000]

162416 MAGNETRON(25): Off EXIT
162417 MAGNETRON(25): On ENTRY
162417 MAGNETRON(25): Running ENTRY
163416 MICROWAVE(24): DisplayTimerRunning SECOND_TIMER - 00:14 remaining
164416 MICROWAVE(24): DisplayTimerRunning SECOND_TIMER - 00:13 remaining
165416 MICROWAVE(24): DisplayTimerRunning SECOND_TIMER - 00:12 remaining
166416 MICROWAVE(24): DisplayTimerRunning SECOND_TIMER - 00:11 remaining
166940 MICROWAVE(24): HALF_SECOND_TIMER, IncrementClock()
167416 MICROWAVE(24): DisplayTimerRunning SECOND_TIMER - 00:10 remaining
168416 MICROWAVE(24): DisplayTimerRunning SECOND_TIMER - 00:09 remaining
169416 MICROWAVE(24): DisplayTimerRunning SECOND_TIMER - 00:08 remaining
170416 MICROWAVE(24): DisplayTimerRunning SECOND_TIMER - 00:07 remaining
171416 MICROWAVE(24): DisplayTimerRunning SECOND_TIMER - 00:06 remaining
172416 MICROWAVE(24): DisplayTimerRunning SECOND_TIMER - 00:05 remaining
173416 MICROWAVE(24): DisplayTimerRunning SECOND_TIMER - 00:04 remaining
174416 MICROWAVE(24): DisplayTimerRunning SECOND_TIMER - 00:03 remaining
174416 MAGNETRON(25): Running MAGNETRON_TIMER
174416 MAGNETRON(25): Running EXIT
174416 MAGNETRON(25): NotRunning ENTRY
175416 MICROWAVE(24): DisplayTimerRunning SECOND_TIMER - 00:02 remaining
176416 MICROWAVE(24): DisplayTimerRunning SECOND_TIMER - 00:01 remaining
177416 MICROWAVE(24): DisplayTimerRunning SECOND_TIMER - 00:00 remaining
177416 MICROWAVE(24): DisplayTimer DONE from UNDEF(0) seq=0
177416 MICROWAVE(24): DisplayTimerRunning EXIT
177416 MICROWAVE(24): DisplayTimer EXIT
177416 MICROWAVE(24): DisplayClock ENTRY
177416 MW_LAMP(27): On MW_LAMP_OFF_REQ from MICROWAVE(24) seq=214
177416 MW_LAMP(27): On EXIT
177416 MW_LAMP(27): Off ENTRY
177417 TURNTABLE(28): On TURNTABLE_OFF_REQ from MICROWAVE(24) seq=213
177417 TURNTABLE(28): On EXIT
177417 TURNTABLE(28): Off ENTRY
177417 FAN(26): On FAN_OFF_REQ from MICROWAVE(24) seq=212
177417 FAN(26): On EXIT
177417 FAN(26): Off ENTRY
177417 MAGNETRON(25): Started MAGNETRON_OFF_REQ from MICROWAVE(24) seq=210
177417 MAGNETRON(25): NotRunning EXIT
177417 MAGNETRON(25): On EXIT
177417 MAGNETRON(25): Off ENTRY
189993 MICROWAVE(24): DisplayClock MICROWAVE_EXT_KITCHEN_TIMER_SIG from WIFI_ST(14) seq=25
189993 MICROWAVE(24): DisplayClock EXIT
189993 MICROWAVE(24): SetKitchenTimer ENTRY
189993 MICROWAVE(24): KitchenSelectHourTens ENTRY
196507 MICROWAVE(24): KitchenSelectHourTens MICROWAVE_EXT_DIGIT_SIG from WIFI_ST(14) seq=26
196507 MICROWAVE(24): KitchenSelectHourTens EXIT
196507 MICROWAVE(24): KitchenSelectHourOnes ENTRY
197697 MICROWAVE(24): KitchenSelectHourOnes MICROWAVE_EXT_DIGIT_SIG from WIFI_ST(14) seq=27
197697 MICROWAVE(24): KitchenSelectHourOnes EXIT
197697 MICROWAVE(24): KitchenSelectMinuteTens ENTRY
198310 MICROWAVE(24): KitchenSelectMinuteTens MICROWAVE_EXT_DIGIT_SIG from WIFI_ST(14) seq=28
198310 MICROWAVE(24): KitchenSelectMinuteTens EXIT
198310 MICROWAVE(24): KitchenSelectMinuteOnes ENTRY
198843 MICROWAVE(24): KitchenSelectMinuteOnes MICROWAVE_EXT_DIGIT_SIG from WIFI_ST(14) seq=29
198843 MICROWAVE(24): KitchenSelectMinuteOnes EXIT
198843 MICROWAVE(24): KitchenSelectHourTens ENTRY
200299 MICROWAVE(24): Started MICROWAVE_EXT_START_SIG from WIFI_ST(14) seq=30
200299 MICROWAVE(24): KitchenSelectHourTens EXIT
200299 MICROWAVE(24): SetKitchenTimer EXIT
200299 MICROWAVE(24): DisplayTimer ENTRY
200299 MICROWAVE(24): DisplayTimerRunning ENTRY
201299 MICROWAVE(24): DisplayTimerRunning SECOND_TIMER - 00:14 remaining
202299 MICROWAVE(24): DisplayTimerRunning SECOND_TIMER - 00:13 remaining
203299 MICROWAVE(24): DisplayTimerRunning SECOND_TIMER - 00:12 remaining
204299 MICROWAVE(24): DisplayTimerRunning SECOND_TIMER - 00:11 remaining
205299 MICROWAVE(24): DisplayTimerRunning SECOND_TIMER - 00:10 remaining
206299 MICROWAVE(24): DisplayTimerRunning SECOND_TIMER - 00:09 remaining
207299 MICROWAVE(24): DisplayTimerRunning SECOND_TIMER - 00:08 remaining
208299 MICROWAVE(24): DisplayTimerRunning SECOND_TIMER - 00:07 remaining
209299 MICROWAVE(24): DisplayTimerRunning SECOND_TIMER - 00:06 remaining
210299 MICROWAVE(24): DisplayTimerRunning SECOND_TIMER - 00:05 remaining
211299 MICROWAVE(24): DisplayTimerRunning SECOND_TIMER - 00:04 remaining
212299 MICROWAVE(24): DisplayTimerRunning SECOND_TIMER - 00:03 remaining
213299 MICROWAVE(24): DisplayTimerRunning SECOND_TIMER - 00:02 remaining
214299 MICROWAVE(24): DisplayTimerRunning SECOND_TIMER - 00:01 remaining
215299 MICROWAVE(24): DisplayTimerRunning SECOND_TIMER - 00:00 remaining
215299 MICROWAVE(24): DisplayTimer DONE from UNDEF(0) seq=0
215299 MICROWAVE(24): DisplayTimerRunning EXIT
215299 MICROWAVE(24): DisplayTimer EXIT
215299 MICROWAVE(24): DisplayClock ENTRY
226940 MICROWAVE(24): HALF_SECOND_TIMER, IncrementClock()
228513 MICROWAVE(24): DisplayClock MICROWAVE_EXT_DIGIT_SIG from WIFI_ST(14) seq=31
228513 MICROWAVE(24): DisplayClock EXIT
228513 MICROWAVE(24): DisplayTimer ENTRY
228513 MICROWAVE(24): DisplayTimerRunning ENTRY
228513 TURNTABLE(28): Off TURNTABLE_ON_REQ from MICROWAVE(24) seq=327
228513 TURNTABLE(28): Off EXIT
228513 TURNTABLE(28): On ENTRY
228514 FAN(26): Off FAN_ON_REQ from MICROWAVE(24) seq=326
228514 FAN(26): Off EXIT
228514 FAN(26): On ENTRY
228514 MW_LAMP(27): Off MW_LAMP_ON_REQ from MICROWAVE(24) seq=325
228514 MW_LAMP(27): Off EXIT
228514 MW_LAMP(27): On ENTRY
228514 MAGNETRON(25): Started MAGNETRON_ON_REQ from MICROWAVE(24) seq=328
228514 MAGNETRON(25): Off EXIT
228514 MAGNETRON(25): On ENTRY
228514 MAGNETRON(25): Running ENTRY
229513 MICROWAVE(24): DisplayTimerRunning SECOND_TIMER - 02:59 remaining
230513 MICROWAVE(24): DisplayTimerRunning SECOND_TIMER - 02:58 remaining
231513 MICROWAVE(24): DisplayTimerRunning SECOND_TIMER - 02:57 remaining
232513 MICROWAVE(24): DisplayTimerRunning SECOND_TIMER - 02:56 remaining
233513 MICROWAVE(24): DisplayTimerRunning SECOND_TIMER - 02:55 remaining
234411 MICROWAVE(24): DisplayTimer MICROWAVE_EXT_POWER_LEVEL_SIG from WIFI_ST(14) seq=32
234513 MICROWAVE(24): DisplayTimerRunning SECOND_TIMER - 02:54 remaining
235513 MICROWAVE(24): DisplayTimerRunning SECOND_TIMER - 02:53 remaining
236513 MICROWAVE(24): DisplayTimerRunning SECOND_TIMER - 02:52 remaining
237513 MICROWAVE(24): DisplayTimerRunning SECOND_TIMER - 02:51 remaining
238513 MICROWAVE(24): DisplayTimerRunning SECOND_TIMER - 02:50 remaining
239513 MICROWAVE(24): DisplayTimerRunning SECOND_TIMER - 02:49 remaining
240015 MICROWAVE(24): DisplayTimerRunning MICROWAVE_EXT_STOP_SIG from WIFI_ST(14) seq=33
240015 MICROWAVE(24): DisplayTimerRunning EXIT
240015 MICROWAVE(24): DisplayTimerPaused ENTRY
240015 MW_LAMP(27): On MW_LAMP_OFF_REQ from MICROWAVE(24) seq=343
240015 MW_LAMP(27): On EXIT
240015 MW_LAMP(27): Off ENTRY
240015 TURNTABLE(28): On TURNTABLE_OFF_REQ from MICROWAVE(24) seq=342
240015 TURNTABLE(28): On EXIT
240015 TURNTABLE(28): Off ENTRY
240016 FAN(26): On FAN_OFF_REQ from MICROWAVE(24) seq=341
240016 FAN(26): On EXIT
240016 FAN(26): Off ENTRY
240016 MAGNETRON(25): On MAGNETRON_PAUSE_REQ from MICROWAVE(24) seq=344
240016 MAGNETRON(25): Running EXIT
240016 MAGNETRON(25): On EXIT
240016 MAGNETRON(25): Paused ENTRY
267277 SYSTEM(1): Started GPIO_IN_HOLD_IND from USER_BTN(16) seq=3
267277 SYSTEM(1): Microwave door opened
267277 MICROWAVE(24): Started MICROWAVE_EXT_DOOR_OPEN_SIG from SYSTEM(1) seq=0
267277 MW_LAMP(27): Off MW_LAMP_ON_REQ from MICROWAVE(24) seq=345
267277 MW_LAMP(27): Off EXIT
267277 MW_LAMP(27): On ENTRY
277495 SYSTEM(1): Started GPIO_IN_PULSE_IND from USER_BTN(16) seq=9
277495 SYSTEM(1): Microwave door closed
277495 MICROWAVE(24): Started MICROWAVE_EXT_DOOR_CLOSED_SIG from SYSTEM(1) seq=0
277495 MW_LAMP(27): On MW_LAMP_OFF_REQ from MICROWAVE(24) seq=346
277495 MW_LAMP(27): On EXIT
277495 MW_LAMP(27): Off ENTRY
284308 MICROWAVE(24): DisplayTimerPaused MICROWAVE_EXT_START_SIG from WIFI_ST(14) seq=34
284308 MICROWAVE(24): DisplayTimerPaused EXIT
284308 MICROWAVE(24): DisplayTimerRunning ENTRY
284308 TURNTABLE(28): Off TURNTABLE_ON_REQ from MICROWAVE(24) seq=351
284308 TURNTABLE(28): Off EXIT
284308 TURNTABLE(28): On ENTRY
284308 FAN(26): Off FAN_ON_REQ from MICROWAVE(24) seq=350
284308 FAN(26): Off EXIT
284309 FAN(26): On ENTRY
284309 MW_LAMP(27): Off MW_LAMP_ON_REQ from MICROWAVE(24) seq=349
284309 MW_LAMP(27): Off EXIT
284309 MW_LAMP(27): On ENTRY
284309 MAGNETRON(25): Paused MAGNETRON_ON_REQ from MICROWAVE(24) seq=352
284309 MAGNETRON(25): Paused EXIT
284309 MAGNETRON(25): On ENTRY
284309 MAGNETRON(25): Running ENTRY
285308 MICROWAVE(24): DisplayTimerRunning SECOND_TIMER - 02:48 remaining
286308 MICROWAVE(24): DisplayTimerRunning SECOND_TIMER - 02:47 remaining
286940 MICROWAVE(24): HALF_SECOND_TIMER, IncrementClock()
287308 MICROWAVE(24): DisplayTimerRunning SECOND_TIMER - 02:46 remaining
288308 MICROWAVE(24): DisplayTimerRunning SECOND_TIMER - 02:45 remaining
289308 MICROWAVE(24): DisplayTimerRunning SECOND_TIMER - 02:44 remaining
290308 MICROWAVE(24): DisplayTimerRunning SECOND_TIMER - 02:43 remaining
291308 MICROWAVE(24): DisplayTimerRunning SECOND_TIMER - 02:42 remaining
292308 MICROWAVE(24): DisplayTimerRunning SECOND_TIMER - 02:41 remaining
293308 MICROWAVE(24): DisplayTimerRunning SECOND_TIMER - 02:40 remaining
294308 MICROWAVE(24): DisplayTimerRunning SECOND_TIMER - 02:39 remaining
295308 MICROWAVE(24): DisplayTimerRunning SECOND_TIMER - 02:38 remaining
296308 MICROWAVE(24): DisplayTimerRunning SECOND_TIMER - 02:37 remaining
297308 MICROWAVE(24): DisplayTimerRunning SECOND_TIMER - 02:36 remaining
297845 MICROWAVE(24): DisplayTimer MICROWAVE_EXT_START_SIG from WIFI_ST(14) seq=35
298308 MICROWAVE(24): DisplayTimerRunning SECOND_TIMER - 03:05 remaining
298894 MICROWAVE(24): DisplayTimer MICROWAVE_EXT_START_SIG from WIFI_ST(14) seq=36
299308 MICROWAVE(24): DisplayTimerRunning SECOND_TIMER - 03:34 remaining
299645 MICROWAVE(24): DisplayTimer MICROWAVE_EXT_START_SIG from WIFI_ST(14) seq=37
300107 MICROWAVE(24): DisplayTimer MICROWAVE_EXT_START_SIG from WIFI_ST(14) seq=38
300308 MICROWAVE(24): DisplayTimerRunning SECOND_TIMER - 04:33 remaining
300354 MICROWAVE(24): DisplayTimer MICROWAVE_EXT_START_SIG from WIFI_ST(14) seq=39
300556 MICROWAVE(24): DisplayTimer MICROWAVE_EXT_START_SIG from WIFI_ST(14) seq=40
300756 MICROWAVE(24): DisplayTimer MICROWAVE_EXT_START_SIG from WIFI_ST(14) seq=41
300958 MICROWAVE(24): DisplayTimer MICROWAVE_EXT_START_SIG from WIFI_ST(14) seq=42
301138 MICROWAVE(24): DisplayTimer MICROWAVE_EXT_START_SIG from WIFI_ST(14) seq=43
301308 MICROWAVE(24): DisplayTimerRunning SECOND_TIMER - 07:02 remaining
301330 MICROWAVE(24): DisplayTimer MICROWAVE_EXT_START_SIG from WIFI_ST(14) seq=44
301512 MICROWAVE(24): DisplayTimer MICROWAVE_EXT_START_SIG from WIFI_ST(14) seq=45
301685 MICROWAVE(24): DisplayTimer MICROWAVE_EXT_START_SIG from WIFI_ST(14) seq=46
302308 MICROWAVE(24): DisplayTimerRunning SECOND_TIMER - 08:31 remaining
303047 MICROWAVE(24): DisplayTimerRunning MICROWAVE_EXT_STOP_SIG from WIFI_ST(14) seq=47
303047 MICROWAVE(24): DisplayTimerRunning EXIT
303047 MICROWAVE(24): DisplayTimerPaused ENTRY
303047 MW_LAMP(27): On MW_LAMP_OFF_REQ from MICROWAVE(24) seq=386
303047 MW_LAMP(27): On EXIT
303047 MW_LAMP(27): Off ENTRY
303047 TURNTABLE(28): On TURNTABLE_OFF_REQ from MICROWAVE(24) seq=385
303047 TURNTABLE(28): On EXIT
303047 TURNTABLE(28): Off ENTRY
303048 FAN(26): On FAN_OFF_REQ from MICROWAVE(24) seq=384
303048 FAN(26): On EXIT
303048 FAN(26): Off ENTRY
303048 MAGNETRON(25): On MAGNETRON_PAUSE_REQ from MICROWAVE(24) seq=387
303048 MAGNETRON(25): Running EXIT
303048 MAGNETRON(25): On EXIT
303048 MAGNETRON(25): Paused ENTRY
303387 MICROWAVE(24): Started MICROWAVE_EXT_STOP_SIG from WIFI_ST(14) seq=48
303387 MICROWAVE(24): DisplayTimerPaused EXIT
303387 MICROWAVE(24): DisplayTimer EXIT
303387 MICROWAVE(24): DisplayClock ENTRY
303387 MAGNETRON(25): Started MAGNETRON_OFF_REQ from MICROWAVE(24) seq=389
303387 MAGNETRON(25): Paused EXIT
303387 MAGNETRON(25): Off ENTRY
304063 MICROWAVE(24): Started MICROWAVE_EXT_STOP_SIG from WIFI_ST(14) seq=49
304063 MICROWAVE(24): DisplayClock EXIT
304063 MICROWAVE(24): DisplayClock ENTRY
312014 MICROWAVE(24): DisplayClock MICROWAVE_EXT_KITCHEN_TIMER_SIG from WIFI_ST(14) seq=50
312014 MICROWAVE(24): DisplayClock EXIT
312014 MICROWAVE(24): SetKitchenTimer ENTRY
312014 MICROWAVE(24): KitchenSelectHourTens ENTRY
312533 MICROWAVE(24): KitchenSelectHourTens MICROWAVE_EXT_DIGIT_SIG from WIFI_ST(14) seq=51
312533 MICROWAVE(24): KitchenSelectHourTens EXIT
312533 MICROWAVE(24): KitchenSelectHourOnes ENTRY
312784 MICROWAVE(24): KitchenSelectHourOnes MICROWAVE_EXT_DIGIT_SIG from WIFI_ST(14) seq=52
312784 MICROWAVE(24): KitchenSelectHourOnes EXIT
312784 MICROWAVE(24): KitchenSelectMinuteTens ENTRY
313099 MICROWAVE(24): KitchenSelectMinuteTens MICROWAVE_EXT_DIGIT_SIG from WIFI_ST(14) seq=53
313099 MICROWAVE(24): KitchenSelectMinuteTens EXIT
313099 MICROWAVE(24): KitchenSelectMinuteOnes ENTRY
313553 MICROWAVE(24): KitchenSelectMinuteOnes MICROWAVE_EXT_DIGIT_SIG from WIFI_ST(14) seq=54
313553 MICROWAVE(24): KitchenSelectMinuteOnes EXIT
313553 MICROWAVE(24): KitchenSelectHourTens ENTRY
319072 MICROWAVE(24): Started MICROWAVE_EXT_START_SIG from WIFI_ST(14) seq=55
319072 MICROWAVE(24): KitchenSelectHourTens EXIT
319072 MICROWAVE(24): SetKitchenTimer EXIT
319072 MICROWAVE(24): DisplayTimer ENTRY
319072 MICROWAVE(24): DisplayTimerRunning ENTRY
320072 MICROWAVE(24): DisplayTimerRunning SECOND_TIMER - 99:58 remaining
321072 MICROWAVE(24): DisplayTimerRunning SECOND_TIMER - 99:57 remaining
322072 MICROWAVE(24): DisplayTimerRunning SECOND_TIMER - 99:56 remaining
323072 MICROWAVE(24): DisplayTimerRunning SECOND_TIMER - 99:55 remaining
323222 MICROWAVE(24): DisplayTimer MICROWAVE_EXT_START_SIG from WIFI_ST(14) seq=56
323462 MICROWAVE(24): DisplayTimer MICROWAVE_EXT_START_SIG from WIFI_ST(14) seq=57
323682 MICROWAVE(24): DisplayTimer MICROWAVE_EXT_START_SIG from WIFI_ST(14) seq=58
323883 MICROWAVE(24): DisplayTimer MICROWAVE_EXT_START_SIG from WIFI_ST(14) seq=59
324072 MICROWAVE(24): DisplayTimerRunning SECOND_TIMER - 99:54 remaining
325072 MICROWAVE(24): DisplayTimerRunning SECOND_TIMER - 99:53 remaining
325315 MICROWAVE(24): DisplayTimerRunning MICROWAVE_EXT_STOP_SIG from WIFI_ST(14) seq=60
325315 MICROWAVE(24): DisplayTimerRunning EXIT
325315 MICROWAVE(24): DisplayTimerPaused ENTRY
325506 MICROWAVE(24): Started MICROWAVE_EXT_STOP_SIG from WIFI_ST(14) seq=61
325506 MICROWAVE(24): DisplayTimerPaused EXIT
325506 MICROWAVE(24): DisplayTimer EXIT
325506 MICROWAVE(24): DisplayClock ENTRY
325709 MICROWAVE(24): Started MICROWAVE_EXT_STOP_SIG from WIFI_ST(14) seq=62
325709 MICROWAVE(24): DisplayClock EXIT
325709 MICROWAVE(24): DisplayClock ENTRY
325880 MICROWAVE(24): Started MICROWAVE_EXT_STOP_SIG from WIFI_ST(14) seq=63
325880 MICROWAVE(24): DisplayClock EXIT
325880 MICROWAVE(24): DisplayClock ENTRY
326776 MICROWAVE(24): DisplayClock MICROWAVE_EXT_COOK_TIME_SIG from WIFI_ST(14) seq=64
326776 MICROWAVE(24): DisplayClock EXIT
326776 MICROWAVE(24): SetCookTimer ENTRY
326776 MICROWAVE(24): SetCookTimerInitial ENTRY
327659 MICROWAVE(24): SetCookTimerInitial MICROWAVE_EXT_DIGIT_SIG from WIFI_ST(14) seq=65
327659 MICROWAVE(24): SetCookTimerInitial EXIT
327659 MICROWAVE(24): SetCookTimerFinal ENTRY
327947 MICROWAVE(24): SetCookTimerFinal MICROWAVE_EXT_DIGIT_SIG from WIFI_ST(14) seq=66
328294 MICROWAVE(24): SetCookTimerFinal MICROWAVE_EXT_DIGIT_SIG from WIFI_ST(14) seq=67
328582 MICROWAVE(24): SetCookTimerFinal MICROWAVE_EXT_DIGIT_SIG from WIFI_ST(14) seq=68
329862 MICROWAVE(24): Started MICROWAVE_EXT_START_SIG from WIFI_ST(14) seq=69
329862 MICROWAVE(24): SetCookTimerFinal EXIT
329862 MICROWAVE(24): SetCookTimer EXIT
329862 MICROWAVE(24): DisplayTimer ENTRY
329862 MICROWAVE(24): DisplayTimerRunning ENTRY
329862 TURNTABLE(28): Off TURNTABLE_ON_REQ from MICROWAVE(24) seq=468
329862 TURNTABLE(28): Off EXIT
329863 TURNTABLE(28): On ENTRY
329863 FAN(26): Off FAN_ON_REQ from MICROWAVE(24) seq=467
329863 FAN(26): Off EXIT
329863 FAN(26): On ENTRY
329863 MW_LAMP(27): Off MW_LAMP_ON_REQ from MICROWAVE(24) seq=466
329863 MW_LAMP(27): Off EXIT
329863 MW_LAMP(27): On ENTRY
329863 MAGNETRON(25): Started MAGNETRON_ON_REQ from MICROWAVE(24) seq=469
329863 MAGNETRON(25): Off EXIT
329863 MAGNETRON(25): On ENTRY
329863 MAGNETRON(25): Running ENTRY
330862 MICROWAVE(24): DisplayTimerRunning SECOND_TIMER - 99:58 remaining
331862 MICROWAVE(24): DisplayTimerRunning SECOND_TIMER - 99:57 remaining
332862 MICROWAVE(24): DisplayTimerRunning SECOND_TIMER - 99:56 remaining
333862 MICROWAVE(24): DisplayTimerRunning SECOND_TIMER - 99:55 remaining
334862 MICROWAVE(24): DisplayTimerRunning SECOND_TIMER - 99:54 remaining
335862 MICROWAVE(24): DisplayTimerRunning SECOND_TIMER - 99:53 remaining
336862 MICROWAVE(24): DisplayTimerRunning SECOND_TIMER - 99:52 remaining
337129 MICROWAVE(24): DisplayTimer MICROWAVE_EXT_START_SIG from WIFI_ST(14) seq=70
337862 MICROWAVE(24): DisplayTimerRunning SECOND_TIMER - 99:59 remaining
338862 MICROWAVE(24): DisplayTimerRunning SECOND_TIMER - 99:59 remaining
339862 MICROWAVE(24): DisplayTimerRunning SECOND_TIMER - 99:59 remaining
340862 MICROWAVE(24): DisplayTimerRunning SECOND_TIMER - 99:59 remaining
341862 MICROWAVE(24): DisplayTimerRunning SECOND_TIMER - 99:59 remaining
342862 MICROWAVE(24): DisplayTimerRunning SECOND_TIMER - 99:59 remaining
343862 MICROWAVE(24): DisplayTimerRunning SECOND_TIMER - 99:59 remaining
344862 MICROWAVE(24): DisplayTimerRunning SECOND_TIMER - 99:59 remaining
345862 MICROWAVE(24): DisplayTimerRunning SECOND_TIMER - 99:59 remaining
346862 MICROWAVE(24): DisplayTimerRunning SECOND_TIMER - 99:59 remaining
346940 MICROWAVE(24): HALF_SECOND_TIMER, IncrementClock()
347862 MICROWAVE(24): DisplayTimerRunning SECOND_TIMER - 99:59 remaining
348862 MICROWAVE(24): DisplayTimerRunning SECOND_TIMER - 99:59 remaining
349862 MICROWAVE(24): DisplayTimerRunning SECOND_TIMER - 99:59 remaining
350862 MICROWAVE(24): DisplayTimerRunning SECOND_TIMER - 99:59 remaining
351862 MICROWAVE(24): DisplayTimerRunning SECOND_TIMER - 99:59 remaining
352862 MICROWAVE(24): DisplayTimerRunning SECOND_TIMER - 99:59 remaining
353862 MICROWAVE(24): DisplayTimerRunning SECOND_TIMER - 99:59 remaining
354862 MICROWAVE(24): DisplayTimerRunning SECOND_TIMER - 99:59 remaining
355862 MICROWAVE(24): DisplayTimerRunning SECOND_TIMER - 99:59 remaining
356862 MICROWAVE(24): DisplayTimerRunning SECOND_TIMER - 99:59 remaining
357862 MICROWAVE(24): DisplayTimerRunning SECOND_TIMER - 99:59 remaining
358862 MICROWAVE(24): DisplayTimerRunning SECOND_TIMER - 99:59 remaining
359862 MICROWAVE(24): DisplayTimerRunning SECOND_TIMER - 99:59 remaining
360862 MICROWAVE(24): DisplayTimerRunning SECOND_TIMER - 99:58 remaining
361862 MICROWAVE(24): DisplayTimerRunning SECOND_TIMER - 99:57 remaining
362862 MICROWAVE(24): DisplayTimerRunning SECOND_TIMER - 99:56 remaining
363862 MICROWAVE(24): DisplayTimerRunning SECOND_TIMER - 99:55 remaining
364091 MICROWAVE(24): DisplayTimerRunning MICROWAVE_EXT_STOP_SIG from WIFI_ST(14) seq=71
364091 MICROWAVE(24): DisplayTimerRunning EXIT
364091 MICROWAVE(24): DisplayTimerPaused ENTRY
364091 MW_LAMP(27): On MW_LAMP_OFF_REQ from MICROWAVE(24) seq=508
364091 MW_LAMP(27): On EXIT
364091 MW_LAMP(27): Off ENTRY
364091 TURNTABLE(28): On TURNTABLE_OFF_REQ from MICROWAVE(24) seq=507
364091 TURNTABLE(28): On EXIT
364091 TURNTABLE(28): Off ENTRY
364092 FAN(26): On FAN_OFF_REQ from MICROWAVE(24) seq=506
364092 FAN(26): On EXIT
364092 FAN(26): Off ENTRY
364092 MAGNETRON(25): On MAGNETRON_PAUSE_REQ from MICROWAVE(24) seq=509
364092 MAGNETRON(25): Running EXIT
364092 MAGNETRON(25): On EXIT
364092 MAGNETRON(25): Paused ENTRY
364431 MICROWAVE(24): Started MICROWAVE_EXT_STOP_SIG from WIFI_ST(14) seq=72
364431 MICROWAVE(24): DisplayTimerPaused EXIT
364431 MICROWAVE(24): DisplayTimer EXIT
364431 MICROWAVE(24): DisplayClock ENTRY
364431 MAGNETRON(25): Started MAGNETRON_OFF_REQ from MICROWAVE(24) seq=511
364431 MAGNETRON(25): Paused EXIT
364431 MAGNETRON(25): Off ENTRY
377926 MICROWAVE(24): DisplayClock MICROWAVE_EXT_COOK_TIME_SIG from WIFI_ST(14) seq=73
377926 MICROWAVE(24): DisplayClock EXIT
377926 MICROWAVE(24): SetCookTimer ENTRY
377926 MICROWAVE(24): SetCookTimerInitial ENTRY
381306 MICROWAVE(24): SetCookTimerInitial MICROWAVE_EXT_DIGIT_SIG from WIFI_ST(14) seq=74
381306 MICROWAVE(24): SetCookTimerInitial EXIT
381306 MICROWAVE(24): SetCookTimerFinal ENTRY
381599 MICROWAVE(24): SetCookTimerFinal MICROWAVE_EXT_DIGIT_SIG from WIFI_ST(14) seq=75
382006 MICROWAVE(24): SetCookTimerFinal MICROWAVE_EXT_DIGIT_SIG from WIFI_ST(14) seq=76
383831 MICROWAVE(24): Started MICROWAVE_EXT_START_SIG from WIFI_ST(14) seq=77
383831 MICROWAVE(24): SetCookTimerFinal EXIT
383831 MICROWAVE(24): SetCookTimer EXIT
383831 MICROWAVE(24): DisplayTimer ENTRY
383831 MICROWAVE(24): DisplayTimerRunning ENTRY
383831 TURNTABLE(28): Off TURNTABLE_ON_REQ from MICROWAVE(24) seq=551
383831 TURNTABLE(28): Off EXIT
383832 TURNTABLE(28): On ENTRY
383832 FAN(26): Off FAN_ON_REQ from MICROWAVE(24) seq=550
383832 FAN(26): Off EXIT
383832 FAN(26): On ENTRY
383832 MW_LAMP(27): Off MW_LAMP_ON_REQ from MICROWAVE(24) seq=549
383832 MW_LAMP(27): Off EXIT
383832 MW_LAMP(27): On ENTRY
383832 MAGNETRON(25): Started MAGNETRON_ON_REQ from MICROWAVE(24) seq=552
383832 MAGNETRON(25): Off EXIT
383832 MAGNETRON(25): On ENTRY
383832 MAGNETRON(25): Running ENTRY
384831 MICROWAVE(24): DisplayTimerRunning SECOND_TIMER - 01:14 remaining
385831 MICROWAVE(24): DisplayTimerRunning SECOND_TIMER - 01:13 remaining
386831 MICROWAVE(24): DisplayTimerRunning SECOND_TIMER - 01:12 remaining
387831 MICROWAVE(24): DisplayTimerRunning SECOND_TIMER - 01:11 remaining
388831 MICROWAVE(24): DisplayTimerRunning SECOND_TIMER - 01:10 remaining
389831 MICROWAVE(24): DisplayTimerRunning SECOND_TIMER - 01:09 remaining
390831 MICROWAVE(24): DisplayTimerRunning SECOND_TIMER - 01:08 remaining
391831 MICROWAVE(24): DisplayTimerRunning SECOND_TIMER - 01:07 remaining
392831 MICROWAVE(24): DisplayTimerRunning SECOND_TIMER - 01:06 remaining
393831 MICROWAVE(24): DisplayTimerRunning SECOND_TIMER - 01:05 remaining
394831 MICROWAVE(24): DisplayTimerRunning SECOND_TIMER - 01:04 remaining
395831 MICROWAVE(24): DisplayTimerRunning SECOND_TIMER - 01:03 remaining
396831 MICROWAVE(24): DisplayTimerRunning SECOND_TIMER - 01:02 remaining
397831 MICROWAVE(24): DisplayTimerRunning SECOND_TIMER - 01:01 remaining
398831 MICROWAVE(24): DisplayTimerRunning SECOND_TIMER - 01:00 remaining
399319 MICROWAVE(24): DisplayTimer MICROWAVE_EXT_STATE_REQ_SIG from WIFI_ST(14) seq=78
399831 MICROWAVE(24): DisplayTimerRunning SECOND_TIMER - 00:59 remaining
400831 MICROWAVE(24): DisplayTimerRunning SECOND_TIMER - 00:58 remaining
401831 MICROWAVE(24): DisplayTimerRunning SECOND_TIMER - 00:57 remaining
402831 MICROWAVE(24): DisplayTimerRunning SECOND_TIMER - 00:56 remaining
403831 MICROWAVE(24): DisplayTimerRunning SECOND_TIMER - 00:55 remaining
404831 MICROWAVE(24): DisplayTimerRunning SECOND_TIMER - 00:54 remaining
405640 MICROWAVE(24): DisplayTimerRunning MICROWAVE_EXT_STOP_SIG from WIFI_ST(14) seq=79
405640 MICROWAVE(24): DisplayTimerRunning EXIT
405640 MICROWAVE(24): DisplayTimerPaused ENTRY
405640 MW_LAMP(27): On MW_LAMP_OFF_REQ from MICROWAVE(24) seq=579
405640 MW_LAMP(27): On EXIT
405640 MW_LAMP(27): Off ENTRY
405640 TURNTABLE(28): On TURNTABLE_OFF_REQ from MICROWAVE(24) seq=578
405640 TURNTABLE(28): On EXIT
405640 TURNTABLE(28): Off ENTRY
405641 FAN(26): On FAN_OFF_REQ from MICROWAVE(24) seq=577
405641 FAN(26): On EXIT
405641 FAN(26): Off ENTRY
405641 MAGNETRON(25): On MAGNETRON_PAUSE_REQ from MICROWAVE(24) seq=580
405641 MAGNETRON(25): Running EXIT
405641 MAGNETRON(25): On EXIT
405641 MAGNETRON(25): Paused ENTRY
405761 MICROWAVE(24): Started MICROWAVE_EXT_STOP_SIG from WIFI_ST(14) seq=80
405761 MICROWAVE(24): DisplayTimerPaused EXIT
405761 MICROWAVE(24): DisplayTimer EXIT
405761 MICROWAVE(24): DisplayClock ENTRY
405761 MAGNETRON(25): Started MAGNETRON_OFF_REQ from MICROWAVE(24) seq=582
405761 MAGNETRON(25): Paused EXIT
405761 MAGNETRON(25): Off ENTRY
406940 MICROWAVE(24): HALF_SECOND_TIMER, IncrementClock()
409718 MICROWAVE(24): DisplayClock MICROWAVE_EXT_STATE_REQ_SIG from WIFI_ST(14) seq=81
466940 MICROWAVE(24): HALF_SECOND_TIMER, IncrementClock()
